
 /----------------------------------------------------------------------------\
 |  yosys -- Yosys Open SYnthesis Suite                                       |
 |  Copyright (C) 2012 - 2026  Claire Xenia Wolf <claire@yosyshq.com>         |
 |  Distributed under an ISC-like license, type "license" to see terms        |
 \----------------------------------------------------------------------------/
 Yosys 0.63+184 (git sha1 240439bdb-dirty, aarch64-apple-darwin23.5-clang++ 18.1.8 -fPIC -O3)

-- Executing script file `design_prep.ys' --

1. Executing RTLIL frontend.
Input filename: design.il

2. Executing SCC pass (detecting logic loops).
Found 0 SCCs in module fifo_formal_checker.
Found 0 SCCs in module formal_wrapper.
Found 0 SCCs in module sync_fifo.
Found 0 SCCs.

3. Executing SIMPLEMAP pass (map simple cells to gate primitives).

4. Executing MEMORY_NORDFF pass (extracting $dff cells from memories).

5. Executing ASYNC2SYNC pass.

6. Executing OPT_CLEAN pass (remove unused cells and wires).
Finding unused cells or wires in module \fifo_formal_checker..
Finding unused cells or wires in module \formal_wrapper..
Finding unused cells or wires in module \sync_fifo..
Removed 7 unused cells and 7 unused wires.
<suppressed ~9 debug messages>

7. Executing FORMALFF pass.

8. Executing OPT_CLEAN pass (remove unused cells and wires).
Finding unused cells or wires in module \fifo_formal_checker..
Finding unused cells or wires in module \formal_wrapper..
Finding unused cells or wires in module \sync_fifo..
Removed 7 unused cells and 7 unused wires.
<suppressed ~11 debug messages>

9. Executing CHECK pass (checking for obvious problems).
Checking module fifo_formal_checker...
Checking module formal_wrapper...
Checking module sync_fifo...
Found and reported 0 problems.

10. Executing SETUNDEF pass (replace undef values with defined constants).

11. Executing OPT pass (performing simple optimizations).

11.1. Executing OPT_EXPR pass (perform const folding).
Optimizing module fifo_formal_checker.
Optimizing module formal_wrapper.
Optimizing module sync_fifo.

11.2. Executing OPT_MERGE pass (detect identical cells).
Finding identical cells in module `\fifo_formal_checker'.
Computing hashes of 5 cells of `\fifo_formal_checker'.
Finding duplicate cells in `\fifo_formal_checker'.
Finding identical cells in module `\formal_wrapper'.
Computing hashes of 9 cells of `\formal_wrapper'.
Finding duplicate cells in `\formal_wrapper'.
Finding identical cells in module `\sync_fifo'.
Computing hashes of 58 cells of `\sync_fifo'.
Finding duplicate cells in `\sync_fifo'.
Removed a total of 0 cells.

11.3. Executing OPT_DFF pass (perform DFF optimizations).

11.4. Executing OPT_CLEAN pass (remove unused cells and wires).
Finding unused cells or wires in module \fifo_formal_checker..
Finding unused cells or wires in module \formal_wrapper..
Finding unused cells or wires in module \sync_fifo..
Removed 26 unused cells and 26 unused wires.
<suppressed ~27 debug messages>

11.5. Finished fast OPT passes.

12. Executing OPT_CLEAN pass (remove unused cells and wires).
Finding unused cells or wires in module \fifo_formal_checker..
Finding unused cells or wires in module \formal_wrapper..
Finding unused cells or wires in module \sync_fifo..
Removed 0 unused cells and 4 unused wires.
<suppressed ~1 debug messages>

13. Executing RTLIL backend.
Output filename: ../model/design_prep.il

End of script. Logfile hash: eb4f72062f, time: 0.00s, user: 0.01s, system: 0.00s, MEM: 15.42 MB peak
Yosys 0.63+184 (git sha1 240439bdb-dirty, aarch64-apple-darwin23.5-clang++ 18.1.8 -fPIC -O3)
Time spent: 29% 4x opt_clean (0 sec), 15% 1x setundef (0 sec), ...
