
 /----------------------------------------------------------------------------\
 |  yosys -- Yosys Open SYnthesis Suite                                       |
 |  Copyright (C) 2012 - 2026  Claire Xenia Wolf <claire@yosyshq.com>         |
 |  Distributed under an ISC-like license, type "license" to see terms        |
 \----------------------------------------------------------------------------/
 Yosys 0.63+184 (git sha1 240439bdb-dirty, aarch64-apple-darwin23.5-clang++ 18.1.8 -fPIC -O3)

-- Executing script file `design_smt2.ys' --

1. Executing RTLIL frontend.
Input filename: design_prep.il

2. Executing HIERARCHY pass (managing design hierarchy).
Attribute `top' found on module `fifo'. Setting top module to fifo.

2.1. Analyzing design hierarchy..
Top module:  \fifo

2.2. Analyzing design hierarchy..
Top module:  \fifo
Removed 0 unused modules.
Module fifo directly or indirectly contains formal properties -> setting "keep" attribute.

3. Executing FORMALFF pass.

4. Executing DFFUNMAP pass (unmap clock enable and synchronous reset from FFs).

5. Printing statistics.

=== fifo ===

        +----------Local Count, excluding submodules.
        | 
       26 wires
       26 wire bits
       13 public wires
       13 public wire bits
        9 ports
        9 port bits
       21 cells
        1   $anyinit
        1   $assert
        3   $assume
        2   $ff
        2   $logic_and
        4   $logic_not
        7   $mux
        1   $not

6. Executing SMT2 backend.

6.1. Executing BMUXMAP pass.

6.2. Executing DEMUXMAP pass.
Creating SMT-LIBv2 representation of module fifo.

End of script. Logfile hash: 2d5ca3aa6c, time: 0.00s, user: 0.01s, system: 0.01s, MEM: 14.00 MB peak
Yosys 0.63+184 (git sha1 240439bdb-dirty, aarch64-apple-darwin23.5-clang++ 18.1.8 -fPIC -O3)
Time spent: 52% 2x write_smt2 (0 sec), 28% 2x read_rtlil (0 sec), ...
