
 /----------------------------------------------------------------------------\
 |  yosys -- Yosys Open SYnthesis Suite                                       |
 |  Copyright (C) 2012 - 2026  Claire Xenia Wolf <claire@yosyshq.com>         |
 |  Distributed under an ISC-like license, type "license" to see terms        |
 \----------------------------------------------------------------------------/
 Yosys 0.63+184 (git sha1 240439bdb-dirty, aarch64-apple-darwin23.5-clang++ 18.1.8 -fPIC -O3)

-- Executing script file `design_prep.ys' --

1. Executing RTLIL frontend.
Input filename: design.il

2. Executing SCC pass (detecting logic loops).
Found 0 SCCs in module formal_wrapper.
Found 0 SCCs in module fsm_formal_checker.
Found 0 SCCs in module protocol_fsm.
Found 0 SCCs.

3. Executing SIMPLEMAP pass (map simple cells to gate primitives).

4. Executing MEMORY_NORDFF pass (extracting $dff cells from memories).

5. Executing ASYNC2SYNC pass.

6. Executing OPT_CLEAN pass (remove unused cells and wires).
Finding unused cells or wires in module \formal_wrapper..
Finding unused cells or wires in module \fsm_formal_checker..
Finding unused cells or wires in module \protocol_fsm..
Removed 8 unused cells and 8 unused wires.
<suppressed ~10 debug messages>

7. Executing FORMALFF pass.

8. Executing OPT_CLEAN pass (remove unused cells and wires).
Finding unused cells or wires in module \formal_wrapper..
Finding unused cells or wires in module \fsm_formal_checker..
Finding unused cells or wires in module \protocol_fsm..
Removed 3 unused cells and 3 unused wires.
<suppressed ~6 debug messages>

9. Executing CHECK pass (checking for obvious problems).
Checking module formal_wrapper...
Warning: Wire formal_wrapper.\error is used but has no driver.
Checking module fsm_formal_checker...
Checking module protocol_fsm...
Found and reported 1 problems.

10. Executing SETUNDEF pass (replace undef values with defined constants).

11. Executing OPT pass (performing simple optimizations).

11.1. Executing OPT_EXPR pass (perform const folding).
Optimizing module formal_wrapper.
Optimizing module fsm_formal_checker.
Optimizing module protocol_fsm.

11.2. Executing OPT_MERGE pass (detect identical cells).
Finding identical cells in module `\formal_wrapper'.
Computing hashes of 10 cells of `\formal_wrapper'.
Finding duplicate cells in `\formal_wrapper'.
Finding identical cells in module `\fsm_formal_checker'.
Computing hashes of 26 cells of `\fsm_formal_checker'.
Finding duplicate cells in `\fsm_formal_checker'.
Computing hashes of 25 cells of `\fsm_formal_checker'.
Finding duplicate cells in `\fsm_formal_checker'.
<suppressed ~3 debug messages>
Finding identical cells in module `\protocol_fsm'.
Computing hashes of 10 cells of `\protocol_fsm'.
Finding duplicate cells in `\protocol_fsm'.
Removed a total of 1 cells.

11.3. Executing OPT_DFF pass (perform DFF optimizations).

11.4. Executing OPT_CLEAN pass (remove unused cells and wires).
Finding unused cells or wires in module \formal_wrapper..
Finding unused cells or wires in module \fsm_formal_checker..
Finding unused cells or wires in module \protocol_fsm..
Removed 0 unused cells and 2 unused wires.
<suppressed ~2 debug messages>

11.5. Finished fast OPT passes.

12. Executing OPT_CLEAN pass (remove unused cells and wires).
Finding unused cells or wires in module \formal_wrapper..
Finding unused cells or wires in module \fsm_formal_checker..
Finding unused cells or wires in module \protocol_fsm..

13. Executing RTLIL backend.
Output filename: ../model/design_prep.il

Warnings: 1 unique messages, 1 total
End of script. Logfile hash: b5075d044d, time: 0.00s, user: 0.01s, system: 0.00s, MEM: 14.98 MB peak
Yosys 0.63+184 (git sha1 240439bdb-dirty, aarch64-apple-darwin23.5-clang++ 18.1.8 -fPIC -O3)
Time spent: 22% 4x opt_clean (0 sec), 18% 1x setundef (0 sec), ...
