
 /----------------------------------------------------------------------------\
 |  yosys -- Yosys Open SYnthesis Suite                                       |
 |  Copyright (C) 2012 - 2026  Claire Xenia Wolf <claire@yosyshq.com>         |
 |  Distributed under an ISC-like license, type "license" to see terms        |
 \----------------------------------------------------------------------------/
 Yosys 0.63+184 (git sha1 240439bdb-dirty, aarch64-apple-darwin23.5-clang++ 18.1.8 -fPIC -O3)

-- Executing script file `design_smt2.ys' --

1. Executing RTLIL frontend.
Input filename: design_prep.il

2. Executing HIERARCHY pass (managing design hierarchy).
Attribute `top' found on module `formal_wrapper'. Setting top module to formal_wrapper.

2.1. Analyzing design hierarchy..
Top module:  \formal_wrapper
Used module:     \sync_fifo
Used module:     \fifo_formal_checker

2.2. Analyzing design hierarchy..
Top module:  \formal_wrapper
Used module:     \sync_fifo
Used module:     \fifo_formal_checker
Removed 0 unused modules.
Module fifo_formal_checker directly or indirectly contains formal properties -> setting "keep" attribute.
Module formal_wrapper directly or indirectly contains formal properties -> setting "keep" attribute.

3. Executing FORMALFF pass.

4. Executing DFFUNMAP pass (unmap clock enable and synchronous reset from FFs).

5. Printing statistics.

=== fifo_formal_checker ===

        +----------Local Count, excluding submodules.
        | 
       12 wires
       15 wire bits
        8 public wires
       11 public wire bits
        7 ports
       10 port bits
        7 cells
        1   $assert
        1   $assume
        2   $ff
        1   $le
        1   $mux
        1   $not

=== formal_wrapper ===

        +----------Local Count, excluding submodules.
        | 
       13 wires
       30 wire bits
       10 public wires
       27 public wire bits
        2 ports
        2 port bits
        9 cells
        3   $anyseq
        2   $assume
        1   $ff
        1   $logic_not
        1   $mux
        1   $not
        2 submodules
        1   fifo_formal_checker
        1   sync_fifo

=== sync_fifo ===

        +----------Local Count, excluding submodules.
        | 
       39 wires
      183 wire bits
       15 public wires
       54 public wire bits
        9 ports
       26 port bits
       35 cells
        3   $add
        4   $anyinit
        4   $anyseq
        1   $assume
        3   $eq
        1   $logic_and
        2   $logic_not
        1   $mem_v2
       13   $mux
        1   $not
        1   $pmux
        1   $sub

=== design hierarchy ===

        +----------Count including submodules.
        | 
       51 formal_wrapper
        7 fifo_formal_checker
       35 sync_fifo

        +----------Count including submodules.
        | 
       64 wires
      228 wire bits
       33 public wires
       92 public wire bits
       18 ports
       38 port bits
        - memories
        - memory bits
        - processes
       51 cells
        3   $add
        4   $anyinit
        7   $anyseq
        1   $assert
        4   $assume
        3   $eq
        3   $ff
        1   $le
        1   $logic_and
        3   $logic_not
        1   $mem_v2
       15   $mux
        3   $not
        1   $pmux
        1   $sub
        2 submodules
        1   fifo_formal_checker
        1   sync_fifo

6. Executing SMT2 backend.

6.1. Executing BMUXMAP pass.

6.2. Executing DEMUXMAP pass.
Creating SMT-LIBv2 representation of module fifo_formal_checker.
Creating SMT-LIBv2 representation of module sync_fifo.
Creating SMT-LIBv2 representation of module formal_wrapper.

End of script. Logfile hash: f221c68c73, time: 0.00s, user: 0.01s, system: 0.00s, MEM: 14.36 MB peak
Yosys 0.63+184 (git sha1 240439bdb-dirty, aarch64-apple-darwin23.5-clang++ 18.1.8 -fPIC -O3)
Time spent: 62% 2x write_smt2 (0 sec), 17% 2x read_rtlil (0 sec), ...
