
 /----------------------------------------------------------------------------\
 |  yosys -- Yosys Open SYnthesis Suite                                       |
 |  Copyright (C) 2012 - 2026  Claire Xenia Wolf <claire@yosyshq.com>         |
 |  Distributed under an ISC-like license, type "license" to see terms        |
 \----------------------------------------------------------------------------/
 Yosys 0.63+184 (git sha1 240439bdb-dirty, aarch64-apple-darwin23.5-clang++ 18.1.8 -fPIC -O3)

-- Executing script file `../model/design.ys' --

1. Executing Verilog-2005 frontend: fsm_correct_pass.sv
Parsing formal SystemVerilog input from `fsm_correct_pass.sv' to AST representation.
Storing AST representation for module `$abstract\protocol_fsm'.
Successfully finished Verilog frontend.

2. Executing Verilog-2005 frontend: fsm_formal_checker_monitor.sv
Parsing formal SystemVerilog input from `fsm_formal_checker_monitor.sv' to AST representation.
Storing AST representation for module `$abstract\fsm_formal_checker'.
Successfully finished Verilog frontend.

3. Executing Verilog-2005 frontend: formal_wrapper.sv
Parsing formal SystemVerilog input from `formal_wrapper.sv' to AST representation.
Storing AST representation for module `$abstract\formal_wrapper'.
Successfully finished Verilog frontend.

4. Executing PREP pass.

4.1. Executing HIERARCHY pass (managing design hierarchy).

4.2. Executing AST frontend in derive mode using pre-parsed AST for module `\formal_wrapper'.
Generating RTLIL representation for module `\formal_wrapper'.

4.2.1. Analyzing design hierarchy..
Top module:  \formal_wrapper

4.2.2. Executing AST frontend in derive mode using pre-parsed AST for module `\fsm_formal_checker'.
Generating RTLIL representation for module `\fsm_formal_checker'.

4.2.3. Executing AST frontend in derive mode using pre-parsed AST for module `\protocol_fsm'.
Generating RTLIL representation for module `\protocol_fsm'.

4.2.4. Analyzing design hierarchy..
Top module:  \formal_wrapper
Used module:     \fsm_formal_checker
Used module:     \protocol_fsm

4.2.5. Analyzing design hierarchy..
Top module:  \formal_wrapper
Used module:     \fsm_formal_checker
Used module:     \protocol_fsm
Removing unused module `$abstract\formal_wrapper'.
Removing unused module `$abstract\fsm_formal_checker'.
Removing unused module `$abstract\protocol_fsm'.
Removed 3 unused modules.
Module fsm_formal_checker directly or indirectly contains formal properties -> setting "keep" attribute.
Module formal_wrapper directly or indirectly contains formal properties -> setting "keep" attribute.

4.3. Executing PROC pass (convert processes to netlists).

4.3.1. Executing PROC_CLEAN pass (remove empty switches from decision trees).
Cleaned up 0 empty switches.

4.3.2. Executing PROC_RMDEAD pass (remove dead branches from decision trees).
Marked 2 switch rules as full_case in process $proc$fsm_correct_pass.sv:11$15 in module protocol_fsm.
Removed a total of 0 dead cases.

4.3.3. Executing PROC_PRUNE pass (remove redundant assignments in processes).
Removed 0 redundant assignments.
Promoted 1 assignment to connection.

4.3.4. Executing PROC_INIT pass (extract init attributes).
Found init rule in `\formal_wrapper.$proc$formal_wrapper.sv:33$10'.
  Set init value: \_va_past_valid = 1'0

4.3.5. Executing PROC_ARST pass (detect async resets in processes).

4.3.6. Executing PROC_ROM pass (convert switches to ROMs).
Converted 0 switches.
<suppressed ~8 debug messages>

4.3.7. Executing PROC_MUX pass (convert decision trees to multiplexers).
Creating decoders for process `\protocol_fsm.$proc$fsm_correct_pass.sv:11$15'.
     1/1: $0\state[2:0]
Creating decoders for process `\fsm_formal_checker.$proc$fsm_formal_checker_monitor.sv:10$11'.
     1/1: \assert_legal_state_EN
Creating decoders for process `\formal_wrapper.$proc$formal_wrapper.sv:33$10'.
Creating decoders for process `\formal_wrapper.$proc$formal_wrapper.sv:34$6'.
     1/1: $assume$formal_wrapper.sv:36$8_EN
Creating decoders for process `\formal_wrapper.$proc$formal_wrapper.sv:29$4'.
     1/1: $0\_va_past_valid[0:0]

4.3.8. Executing PROC_DLATCH pass (convert process syncs to latches).

4.3.9. Executing PROC_DFF pass (convert process syncs to FFs).
Creating register for signal `\protocol_fsm.\state' using process `\protocol_fsm.$proc$fsm_correct_pass.sv:11$15'.
  created $dff cell `$procdff$39' with positive edge clock.
Creating register for signal `\formal_wrapper.\_va_past_valid' using process `\formal_wrapper.$proc$formal_wrapper.sv:29$4'.
  created $dff cell `$procdff$40' with positive edge clock.

4.3.10. Executing PROC_MEMWR pass (convert process memory writes to cells).

4.3.11. Executing PROC_CLEAN pass (remove empty switches from decision trees).
Found and cleaned up 5 empty switches in `\protocol_fsm.$proc$fsm_correct_pass.sv:11$15'.
Removing empty process `protocol_fsm.$proc$fsm_correct_pass.sv:11$15'.
Found and cleaned up 1 empty switch in `\fsm_formal_checker.$proc$fsm_formal_checker_monitor.sv:10$11'.
Removing empty process `fsm_formal_checker.$proc$fsm_formal_checker_monitor.sv:10$11'.
Removing empty process `formal_wrapper.$proc$formal_wrapper.sv:33$10'.
Found and cleaned up 1 empty switch in `\formal_wrapper.$proc$formal_wrapper.sv:34$6'.
Removing empty process `formal_wrapper.$proc$formal_wrapper.sv:34$6'.
Found and cleaned up 1 empty switch in `\formal_wrapper.$proc$formal_wrapper.sv:29$4'.
Removing empty process `formal_wrapper.$proc$formal_wrapper.sv:29$4'.
Cleaned up 8 empty switches.

4.3.12. Executing OPT_EXPR pass (perform const folding).
Optimizing module protocol_fsm.
<suppressed ~2 debug messages>
Optimizing module fsm_formal_checker.
<suppressed ~1 debug messages>
Optimizing module formal_wrapper.
<suppressed ~2 debug messages>

4.4. Executing FUTURE pass.

4.5. Executing OPT_EXPR pass (perform const folding).
Optimizing module protocol_fsm.
Optimizing module fsm_formal_checker.
Optimizing module formal_wrapper.

4.6. Executing OPT_CLEAN pass (remove unused cells and wires).
Finding unused cells or wires in module \protocol_fsm..
Finding unused cells or wires in module \fsm_formal_checker..
Finding unused cells or wires in module \formal_wrapper..
Removed 4 unused cells and 20 unused wires.
<suppressed ~7 debug messages>

4.7. Executing CHECK pass (checking for obvious problems).
Checking module protocol_fsm...
Checking module fsm_formal_checker...
Checking module formal_wrapper...
Found and reported 0 problems.

4.8. Executing OPT pass (performing simple optimizations).

4.8.1. Executing OPT_EXPR pass (perform const folding).
Optimizing module protocol_fsm.
Optimizing module fsm_formal_checker.
Optimizing module formal_wrapper.

4.8.2. Executing OPT_MERGE pass (detect identical cells).
Finding identical cells in module `\protocol_fsm'.
Computing hashes of 10 cells of `\protocol_fsm'.
Finding duplicate cells in `\protocol_fsm'.
Finding identical cells in module `\fsm_formal_checker'.
Computing hashes of 3 cells of `\fsm_formal_checker'.
Finding duplicate cells in `\fsm_formal_checker'.
Finding identical cells in module `\formal_wrapper'.
Computing hashes of 10 cells of `\formal_wrapper'.
Finding duplicate cells in `\formal_wrapper'.
Removed a total of 0 cells.

4.8.3. Executing OPT_MUXTREE pass (detect dead branches in mux trees).
Running muxtree optimizer on module \protocol_fsm..
  Creating internal representation of mux trees.
  Evaluating internal representation of mux trees.
  Analyzing evaluation results.
Running muxtree optimizer on module \fsm_formal_checker..
  Creating internal representation of mux trees.
  Evaluating internal representation of mux trees.
  Analyzing evaluation results.
Running muxtree optimizer on module \formal_wrapper..
  Creating internal representation of mux trees.
  Evaluating internal representation of mux trees.
      Replacing known input bits on port B of cell $procmux$37: \_va_past_valid -> 1'1
  Analyzing evaluation results.
Removed 0 multiplexer ports.
<suppressed ~12 debug messages>

4.8.4. Executing OPT_REDUCE pass (consolidate $*mux and $reduce_* inputs).
  Optimizing cells in module \protocol_fsm.
  Optimizing cells in module \fsm_formal_checker.
  Optimizing cells in module \formal_wrapper.
  Optimizing cells in module \formal_wrapper.
Performed a total of 1 changes.

4.8.5. Executing OPT_MERGE pass (detect identical cells).
Finding identical cells in module `\protocol_fsm'.
Computing hashes of 10 cells of `\protocol_fsm'.
Finding duplicate cells in `\protocol_fsm'.
Finding identical cells in module `\fsm_formal_checker'.
Computing hashes of 3 cells of `\fsm_formal_checker'.
Finding duplicate cells in `\fsm_formal_checker'.
Finding identical cells in module `\formal_wrapper'.
Computing hashes of 9 cells of `\formal_wrapper'.
Finding duplicate cells in `\formal_wrapper'.
Removed a total of 0 cells.

4.8.6. Executing OPT_CLEAN pass (remove unused cells and wires).
Finding unused cells or wires in module \protocol_fsm..
Finding unused cells or wires in module \fsm_formal_checker..
Finding unused cells or wires in module \formal_wrapper..
Removed 0 unused cells and 1 unused wires.
<suppressed ~1 debug messages>

4.8.7. Executing OPT_EXPR pass (perform const folding).
Optimizing module protocol_fsm.
Optimizing module fsm_formal_checker.
Optimizing module formal_wrapper.

4.8.8. Rerunning OPT passes. (Maybe there is more to do..)

4.8.9. Executing OPT_MUXTREE pass (detect dead branches in mux trees).
Running muxtree optimizer on module \protocol_fsm..
  Creating internal representation of mux trees.
  Evaluating internal representation of mux trees.
  Analyzing evaluation results.
Running muxtree optimizer on module \fsm_formal_checker..
  Creating internal representation of mux trees.
  Evaluating internal representation of mux trees.
  Analyzing evaluation results.
Running muxtree optimizer on module \formal_wrapper..
  Creating internal representation of mux trees.
  Evaluating internal representation of mux trees.
  Analyzing evaluation results.
Removed 0 multiplexer ports.
<suppressed ~10 debug messages>

4.8.10. Executing OPT_REDUCE pass (consolidate $*mux and $reduce_* inputs).
  Optimizing cells in module \protocol_fsm.
  Optimizing cells in module \fsm_formal_checker.
  Optimizing cells in module \formal_wrapper.
Performed a total of 0 changes.

4.8.11. Executing OPT_MERGE pass (detect identical cells).
Finding identical cells in module `\protocol_fsm'.
Computing hashes of 10 cells of `\protocol_fsm'.
Finding duplicate cells in `\protocol_fsm'.
Finding identical cells in module `\fsm_formal_checker'.
Computing hashes of 3 cells of `\fsm_formal_checker'.
Finding duplicate cells in `\fsm_formal_checker'.
Finding identical cells in module `\formal_wrapper'.
Computing hashes of 9 cells of `\formal_wrapper'.
Finding duplicate cells in `\formal_wrapper'.
Removed a total of 0 cells.

4.8.12. Executing OPT_CLEAN pass (remove unused cells and wires).
Finding unused cells or wires in module \protocol_fsm..
Finding unused cells or wires in module \fsm_formal_checker..
Finding unused cells or wires in module \formal_wrapper..

4.8.13. Executing OPT_EXPR pass (perform const folding).
Optimizing module protocol_fsm.
Optimizing module fsm_formal_checker.
Optimizing module formal_wrapper.

4.8.14. Finished fast OPT passes. (There is nothing left to do.)

4.9. Executing WREDUCE pass (reducing word size of cells).
Removed top 1 bits (of 3) from port B of cell protocol_fsm.$procmux$22_CMP0 ($eq).
Removed top 1 bits (of 3) from port B of cell protocol_fsm.$procmux$25_CMP0 ($eq).
Removed top 2 bits (of 3) from port B of cell protocol_fsm.$procmux$26_CMP0 ($eq).
Removed top 29 bits (of 32) from port B of cell fsm_formal_checker.$le$fsm_formal_checker_monitor.sv:12$14 ($le).

4.10. Executing OPT_CLEAN pass (remove unused cells and wires).
Finding unused cells or wires in module \protocol_fsm..
Finding unused cells or wires in module \fsm_formal_checker..
Finding unused cells or wires in module \formal_wrapper..

4.11. Executing MEMORY_COLLECT pass (generating $mem cells).

4.12. Executing OPT pass (performing simple optimizations).

4.12.1. Executing OPT_EXPR pass (perform const folding).
Optimizing module protocol_fsm.
Optimizing module fsm_formal_checker.
Optimizing module formal_wrapper.

4.12.2. Executing OPT_MERGE pass (detect identical cells).
Finding identical cells in module `\protocol_fsm'.
Computing hashes of 10 cells of `\protocol_fsm'.
Finding duplicate cells in `\protocol_fsm'.
Finding identical cells in module `\fsm_formal_checker'.
Computing hashes of 3 cells of `\fsm_formal_checker'.
Finding duplicate cells in `\fsm_formal_checker'.
Finding identical cells in module `\formal_wrapper'.
Computing hashes of 9 cells of `\formal_wrapper'.
Finding duplicate cells in `\formal_wrapper'.
Removed a total of 0 cells.

4.12.3. Executing OPT_CLEAN pass (remove unused cells and wires).
Finding unused cells or wires in module \protocol_fsm..
Finding unused cells or wires in module \fsm_formal_checker..
Finding unused cells or wires in module \formal_wrapper..

4.12.4. Finished fast OPT passes.

4.13. Executing SORT pass.

4.14. Printing statistics.

=== formal_wrapper ===

        +----------Local Count, excluding submodules.
        | 
        9 wires
       11 wire bits
        7 public wires
        9 public wire bits
        2 ports
        2 port bits
        7 cells
        3   $anyseq
        1   $check
        1   $dff
        1   $logic_not
        1   $mux
        2 submodules
        1   fsm_formal_checker
        1   protocol_fsm

=== fsm_formal_checker ===

        +----------Local Count, excluding submodules.
        | 
        5 wires
        7 wire bits
        4 public wires
        6 public wire bits
        3 ports
        5 port bits
        3 cells
        1   $check
        1   $le
        1   $mux

=== protocol_fsm ===

        +----------Local Count, excluding submodules.
        | 
       15 wires
       27 wire bits
        6 public wires
        8 public wire bits
        6 ports
        8 port bits
       10 cells
        1   $dff
        3   $eq
        1   $logic_not
        4   $mux
        1   $pmux

=== design hierarchy ===

        +----------Count including submodules.
        | 
       20 formal_wrapper
        3 fsm_formal_checker
       10 protocol_fsm

        +----------Count including submodules.
        | 
       29 wires
       45 wire bits
       17 public wires
       23 public wire bits
       11 ports
       15 port bits
        - memories
        - memory bits
        - processes
       20 cells
        3   $anyseq
        2   $check
        2   $dff
        3   $eq
        1   $le
        2   $logic_not
        6   $mux
        1   $pmux
        2 submodules
        1   fsm_formal_checker
        1   protocol_fsm

4.15. Executing CHECK pass (checking for obvious problems).
Checking module formal_wrapper...
Checking module fsm_formal_checker...
Checking module protocol_fsm...
Found and reported 0 problems.

5. Executing HIERARCHY pass (managing design hierarchy).
Attribute `top' found on module `formal_wrapper'. Setting top module to formal_wrapper.

5.1. Analyzing design hierarchy..
Top module:  \formal_wrapper
Used module:     \protocol_fsm
Used module:     \fsm_formal_checker

5.2. Analyzing design hierarchy..
Top module:  \formal_wrapper
Used module:     \protocol_fsm
Used module:     \fsm_formal_checker
Removed 0 unused modules.
Module formal_wrapper directly or indirectly contains formal properties -> setting "keep" attribute.
Module fsm_formal_checker directly or indirectly contains formal properties -> setting "keep" attribute.

6. Executing jny backend.

7. Executing RTLIL backend.
Output filename: ../model/design.il

End of script. Logfile hash: 33f9d9eaef, time: 0.00s, user: 0.01s, system: 0.00s, MEM: 16.20 MB peak
Yosys 0.63+184 (git sha1 240439bdb-dirty, aarch64-apple-darwin23.5-clang++ 18.1.8 -fPIC -O3)
Time spent: 16% 4x opt_merge (0 sec), 13% 2x hierarchy (0 sec), ...
