
 /----------------------------------------------------------------------------\
 |  yosys -- Yosys Open SYnthesis Suite                                       |
 |  Copyright (C) 2012 - 2026  Claire Xenia Wolf <claire@yosyshq.com>         |
 |  Distributed under an ISC-like license, type "license" to see terms        |
 \----------------------------------------------------------------------------/
 Yosys 0.63+184 (git sha1 240439bdb-dirty, aarch64-apple-darwin23.5-clang++ 18.1.8 -fPIC -O3)

-- Executing script file `design_smt2.ys' --

1. Executing RTLIL frontend.
Input filename: design_prep.il

2. Executing HIERARCHY pass (managing design hierarchy).
Attribute `top' found on module `formal_wrapper'. Setting top module to formal_wrapper.

2.1. Analyzing design hierarchy..
Top module:  \formal_wrapper

2.2. Analyzing design hierarchy..
Top module:  \formal_wrapper
Removed 0 unused modules.
Module formal_wrapper directly or indirectly contains formal properties -> setting "keep" attribute.

3. Executing FORMALFF pass.

4. Executing DFFUNMAP pass (unmap clock enable and synchronous reset from FFs).

5. Printing statistics.

=== formal_wrapper ===

        +----------Local Count, excluding submodules.
        | 
        7 wires
        7 wire bits
        4 public wires
        4 public wire bits
        2 ports
        2 port bits
        6 cells
        2   $assume
        1   $ff
        1   $logic_not
        1   $mux
        1   $not

6. Executing SMT2 backend.

6.1. Executing BMUXMAP pass.

6.2. Executing DEMUXMAP pass.
Creating SMT-LIBv2 representation of module formal_wrapper.

End of script. Logfile hash: 0cd8af460e, time: 0.00s, user: 0.01s, system: 0.01s, MEM: 13.78 MB peak
Yosys 0.63+184 (git sha1 240439bdb-dirty, aarch64-apple-darwin23.5-clang++ 18.1.8 -fPIC -O3)
Time spent: 69% 2x write_smt2 (0 sec), 12% 2x read_rtlil (0 sec), ...
