
 /----------------------------------------------------------------------------\
 |  yosys -- Yosys Open SYnthesis Suite                                       |
 |  Copyright (C) 2012 - 2026  Claire Xenia Wolf <claire@yosyshq.com>         |
 |  Distributed under an ISC-like license, type "license" to see terms        |
 \----------------------------------------------------------------------------/
 Yosys 0.63+184 (git sha1 240439bdb-dirty, aarch64-apple-darwin23.5-clang++ 18.1.8 -fPIC -O3)

-- Executing script file `../model/design.ys' --

1. Executing Verilog-2005 frontend: fifo.sv
Parsing formal SystemVerilog input from `fifo.sv' to AST representation.
Storing AST representation for module `$abstract\fifo'.
Successfully finished Verilog frontend.

2. Executing Verilog-2005 frontend: fifo_sva_monitor.sv
Parsing formal SystemVerilog input from `fifo_sva_monitor.sv' to AST representation.
Storing AST representation for module `$abstract\fifo_sva'.
Successfully finished Verilog frontend.

3. Executing Verilog-2005 frontend: formal_wrapper.sv
Parsing formal SystemVerilog input from `formal_wrapper.sv' to AST representation.
Storing AST representation for module `$abstract\formal_wrapper'.
Successfully finished Verilog frontend.

4. Executing PREP pass.

4.1. Executing HIERARCHY pass (managing design hierarchy).

4.2. Executing AST frontend in derive mode using pre-parsed AST for module `\formal_wrapper'.
Generating RTLIL representation for module `\formal_wrapper'.

4.2.1. Analyzing design hierarchy..
Top module:  \formal_wrapper

4.2.2. Executing AST frontend in derive mode using pre-parsed AST for module `\fifo_sva'.
Generating RTLIL representation for module `\fifo_sva'.

4.2.3. Executing AST frontend in derive mode using pre-parsed AST for module `\fifo'.
Generating RTLIL representation for module `\fifo'.
Warning: Replacing memory \mem with list of registers. See fifo.sv:36

4.2.4. Analyzing design hierarchy..
Top module:  \formal_wrapper
Used module:     \fifo

4.2.5. Analyzing design hierarchy..
Top module:  \formal_wrapper
Used module:     \fifo
Removing unused module `$abstract\formal_wrapper'.
Removing unused module `$abstract\fifo_sva'.
Removing unused module `$abstract\fifo'.
Removed 3 unused modules.
Module formal_wrapper directly or indirectly contains formal properties -> setting "keep" attribute.

4.3. Executing PROC pass (convert processes to netlists).

4.3.1. Executing PROC_CLEAN pass (remove empty switches from decision trees).
Cleaned up 0 empty switches.

4.3.2. Executing PROC_RMDEAD pass (remove dead branches from decision trees).
Removed 1 dead cases from process $proc$fifo.sv:28$31 in module fifo.
Marked 1 switch rules as full_case in process $proc$fifo.sv:28$31 in module fifo.
Marked 3 switch rules as full_case in process $proc$fifo.sv:30$17 in module fifo.
Removed a total of 1 dead cases.

4.3.3. Executing PROC_PRUNE pass (remove redundant assignments in processes).
Removed 0 redundant assignments.
Promoted 4 assignments to connections.

4.3.4. Executing PROC_INIT pass (extract init attributes).
Found init rule in `\formal_wrapper.$proc$formal_wrapper.sv:42$10'.
  Set init value: \_va_past_valid = 1'0

4.3.5. Executing PROC_ARST pass (detect async resets in processes).
Found async reset \reset_n in `\fifo.$proc$fifo.sv:30$17'.

4.3.6. Executing PROC_ROM pass (convert switches to ROMs).
Converted 0 switches.
<suppressed ~6 debug messages>

4.3.7. Executing PROC_MUX pass (convert decision trees to multiplexers).
Creating decoders for process `\fifo.$proc$fifo.sv:28$31'.
     1/1: $1$mem2reg_rd$\mem$fifo.sv:28$11_DATA[7:0]$33
Creating decoders for process `\fifo.$proc$fifo.sv:30$17'.
     1/14: $2$mem2reg_wr$\mem$fifo.sv:36$12_ADDR[2:0]$25
     2/14: $2$mem2reg_wr$\mem$fifo.sv:36$12_DATA[7:0]$26
     3/14: $1$mem2reg_wr$\mem$fifo.sv:36$12_DATA[7:0]$22
     4/14: $1$mem2reg_wr$\mem$fifo.sv:36$12_ADDR[2:0]$21
     5/14: $0\mem[7][7:0]
     6/14: $0\mem[6][7:0]
     7/14: $0\mem[5][7:0]
     8/14: $0\mem[4][7:0]
     9/14: $0\mem[3][7:0]
    10/14: $0\mem[2][7:0]
    11/14: $0\mem[1][7:0]
    12/14: $0\mem[0][7:0]
    13/14: $0\rd_ptr[3:0]
    14/14: $0\wr_ptr[3:0]
Creating decoders for process `\formal_wrapper.$proc$formal_wrapper.sv:42$10'.
Creating decoders for process `\formal_wrapper.$proc$formal_wrapper.sv:43$6'.
     1/1: $assume$formal_wrapper.sv:45$8_EN
Creating decoders for process `\formal_wrapper.$proc$formal_wrapper.sv:38$4'.
     1/1: $0\_va_past_valid[0:0]

4.3.8. Executing PROC_DLATCH pass (convert process syncs to latches).
No latch inferred for signal `\fifo.$mem2reg_rd$\mem$fifo.sv:28$11_DATA' from process `\fifo.$proc$fifo.sv:28$31'.

4.3.9. Executing PROC_DFF pass (convert process syncs to FFs).
Creating register for signal `\fifo.\wr_ptr' using process `\fifo.$proc$fifo.sv:30$17'.
  created $adff cell `$procdff$130' with positive edge clock and positive level reset.
Creating register for signal `\fifo.\rd_ptr' using process `\fifo.$proc$fifo.sv:30$17'.
  created $adff cell `$procdff$135' with positive edge clock and positive level reset.
Creating register for signal `\fifo.\mem[0]' using process `\fifo.$proc$fifo.sv:30$17'.
  created $dff cell `$procdff$142' with positive edge clock.
Creating register for signal `\fifo.\mem[1]' using process `\fifo.$proc$fifo.sv:30$17'.
  created $dff cell `$procdff$149' with positive edge clock.
Creating register for signal `\fifo.\mem[2]' using process `\fifo.$proc$fifo.sv:30$17'.
  created $dff cell `$procdff$156' with positive edge clock.
Creating register for signal `\fifo.\mem[3]' using process `\fifo.$proc$fifo.sv:30$17'.
  created $dff cell `$procdff$163' with positive edge clock.
Creating register for signal `\fifo.\mem[4]' using process `\fifo.$proc$fifo.sv:30$17'.
  created $dff cell `$procdff$170' with positive edge clock.
Creating register for signal `\fifo.\mem[5]' using process `\fifo.$proc$fifo.sv:30$17'.
  created $dff cell `$procdff$177' with positive edge clock.
Creating register for signal `\fifo.\mem[6]' using process `\fifo.$proc$fifo.sv:30$17'.
  created $dff cell `$procdff$184' with positive edge clock.
Creating register for signal `\fifo.\mem[7]' using process `\fifo.$proc$fifo.sv:30$17'.
  created $dff cell `$procdff$191' with positive edge clock.
Creating register for signal `\formal_wrapper.\_va_past_valid' using process `\formal_wrapper.$proc$formal_wrapper.sv:38$4'.
  created $dff cell `$procdff$192' with positive edge clock.

4.3.10. Executing PROC_MEMWR pass (convert process memory writes to cells).

4.3.11. Executing PROC_CLEAN pass (remove empty switches from decision trees).
Found and cleaned up 1 empty switch in `\fifo.$proc$fifo.sv:28$31'.
Removing empty process `fifo.$proc$fifo.sv:28$31'.
Found and cleaned up 3 empty switches in `\fifo.$proc$fifo.sv:30$17'.
Removing empty process `fifo.$proc$fifo.sv:30$17'.
Removing empty process `formal_wrapper.$proc$formal_wrapper.sv:42$10'.
Found and cleaned up 1 empty switch in `\formal_wrapper.$proc$formal_wrapper.sv:43$6'.
Removing empty process `formal_wrapper.$proc$formal_wrapper.sv:43$6'.
Found and cleaned up 1 empty switch in `\formal_wrapper.$proc$formal_wrapper.sv:38$4'.
Removing empty process `formal_wrapper.$proc$formal_wrapper.sv:38$4'.
Cleaned up 6 empty switches.

4.3.12. Executing OPT_EXPR pass (perform const folding).
Optimizing module fifo.
<suppressed ~22 debug messages>
Optimizing module formal_wrapper.
<suppressed ~2 debug messages>

4.4. Executing FUTURE pass.

4.5. Executing OPT_EXPR pass (perform const folding).
Optimizing module fifo.
Optimizing module formal_wrapper.

4.6. Executing OPT_CLEAN pass (remove unused cells and wires).
Finding unused cells or wires in module \fifo..
Finding unused cells or wires in module \formal_wrapper..
Removed 20 unused cells and 76 unused wires.
<suppressed ~28 debug messages>

4.7. Executing CHECK pass (checking for obvious problems).
Checking module fifo...
Checking module formal_wrapper...
Found and reported 0 problems.

4.8. Executing OPT pass (performing simple optimizations).

4.8.1. Executing OPT_EXPR pass (perform const folding).
Optimizing module fifo.
Optimizing module formal_wrapper.

4.8.2. Executing OPT_MERGE pass (detect identical cells).
Finding identical cells in module `\fifo'.
Computing hashes of 63 cells of `\fifo'.
Finding duplicate cells in `\fifo'.
Finding identical cells in module `\formal_wrapper'.
Computing hashes of 5 cells of `\formal_wrapper'.
Finding duplicate cells in `\formal_wrapper'.
Removed a total of 0 cells.

4.8.3. Executing OPT_MUXTREE pass (detect dead branches in mux trees).
Running muxtree optimizer on module \fifo..
  Creating internal representation of mux trees.
  Evaluating internal representation of mux trees.
  Analyzing evaluation results.
Running muxtree optimizer on module \formal_wrapper..
  Creating internal representation of mux trees.
  Evaluating internal representation of mux trees.
      Replacing known input bits on port B of cell $procmux$124: \_va_past_valid -> 1'1
  Analyzing evaluation results.
Removed 0 multiplexer ports.
<suppressed ~42 debug messages>

4.8.4. Executing OPT_REDUCE pass (consolidate $*mux and $reduce_* inputs).
  Optimizing cells in module \fifo.
  Optimizing cells in module \formal_wrapper.
  Optimizing cells in module \formal_wrapper.
Performed a total of 1 changes.

4.8.5. Executing OPT_MERGE pass (detect identical cells).
Finding identical cells in module `\fifo'.
Computing hashes of 63 cells of `\fifo'.
Finding duplicate cells in `\fifo'.
Finding identical cells in module `\formal_wrapper'.
Computing hashes of 4 cells of `\formal_wrapper'.
Finding duplicate cells in `\formal_wrapper'.
Removed a total of 0 cells.

4.8.6. Executing OPT_CLEAN pass (remove unused cells and wires).
Finding unused cells or wires in module \fifo..
Finding unused cells or wires in module \formal_wrapper..
Removed 0 unused cells and 1 unused wires.
<suppressed ~1 debug messages>

4.8.7. Executing OPT_EXPR pass (perform const folding).
Optimizing module fifo.
Optimizing module formal_wrapper.

4.8.8. Rerunning OPT passes. (Maybe there is more to do..)

4.8.9. Executing OPT_MUXTREE pass (detect dead branches in mux trees).
Running muxtree optimizer on module \fifo..
  Creating internal representation of mux trees.
  Evaluating internal representation of mux trees.
  Analyzing evaluation results.
Running muxtree optimizer on module \formal_wrapper..
  Creating internal representation of mux trees.
  Evaluating internal representation of mux trees.
  Analyzing evaluation results.
Removed 0 multiplexer ports.
<suppressed ~40 debug messages>

4.8.10. Executing OPT_REDUCE pass (consolidate $*mux and $reduce_* inputs).
  Optimizing cells in module \fifo.
  Optimizing cells in module \formal_wrapper.
Performed a total of 0 changes.

4.8.11. Executing OPT_MERGE pass (detect identical cells).
Finding identical cells in module `\fifo'.
Computing hashes of 63 cells of `\fifo'.
Finding duplicate cells in `\fifo'.
Finding identical cells in module `\formal_wrapper'.
Computing hashes of 4 cells of `\formal_wrapper'.
Finding duplicate cells in `\formal_wrapper'.
Removed a total of 0 cells.

4.8.12. Executing OPT_CLEAN pass (remove unused cells and wires).
Finding unused cells or wires in module \fifo..
Finding unused cells or wires in module \formal_wrapper..

4.8.13. Executing OPT_EXPR pass (perform const folding).
Optimizing module fifo.
Optimizing module formal_wrapper.

4.8.14. Finished fast OPT passes. (There is nothing left to do.)

4.9. Executing WREDUCE pass (reducing word size of cells).
Removed top 1 bits (of 3) from port B of cell fifo.$procmux$39_CMP0 ($eq).
Removed top 1 bits (of 3) from port B of cell fifo.$procmux$40_CMP0 ($eq).
Removed top 2 bits (of 3) from port B of cell fifo.$procmux$41_CMP0 ($eq).
Removed top 1 bits (of 3) from port B of cell fifo.$procmux$81_CMP0 ($eq).
Removed top 1 bits (of 3) from port B of cell fifo.$procmux$91_CMP0 ($eq).
Removed top 2 bits (of 3) from port B of cell fifo.$procmux$102_CMP0 ($eq).

4.10. Executing OPT_CLEAN pass (remove unused cells and wires).
Finding unused cells or wires in module \fifo..
Finding unused cells or wires in module \formal_wrapper..

4.11. Executing MEMORY_COLLECT pass (generating $mem cells).

4.12. Executing OPT pass (performing simple optimizations).

4.12.1. Executing OPT_EXPR pass (perform const folding).
Optimizing module fifo.
Optimizing module formal_wrapper.

4.12.2. Executing OPT_MERGE pass (detect identical cells).
Finding identical cells in module `\fifo'.
Computing hashes of 63 cells of `\fifo'.
Finding duplicate cells in `\fifo'.
Finding identical cells in module `\formal_wrapper'.
Computing hashes of 4 cells of `\formal_wrapper'.
Finding duplicate cells in `\formal_wrapper'.
Removed a total of 0 cells.

4.12.3. Executing OPT_CLEAN pass (remove unused cells and wires).
Finding unused cells or wires in module \fifo..
Finding unused cells or wires in module \formal_wrapper..

4.12.4. Finished fast OPT passes.

4.13. Executing SORT pass.

4.14. Printing statistics.

=== fifo ===

        +----------Local Count, excluding submodules.
        | 
       68 wires
      324 wire bits
       18 public wires
       94 public wire bits
        8 ports
       22 port bits
       63 cells
        2   $add
        2   $adff
        8   $dff
       16   $eq
        3   $logic_and
        4   $logic_not
       26   $mux
        1   $ne
        1   $pmux

=== formal_wrapper ===

        +----------Local Count, excluding submodules.
        | 
        6 wires
        6 wire bits
        4 public wires
        4 public wire bits
        2 ports
        2 port bits
        4 cells
        1   $check
        1   $dff
        1   $logic_not
        1   $mux

=== design hierarchy ===

        +----------Count including submodules.
        | 
        4 formal_wrapper

        +----------Count including submodules.
        | 
        6 wires
        6 wire bits
        4 public wires
        4 public wire bits
        2 ports
        2 port bits
        - memories
        - memory bits
        - processes
        4 cells
        1   $check
        1   $dff
        1   $logic_not
        1   $mux

4.15. Executing CHECK pass (checking for obvious problems).
Checking module fifo...
Checking module formal_wrapper...
Found and reported 0 problems.

5. Executing HIERARCHY pass (managing design hierarchy).
Attribute `top' found on module `formal_wrapper'. Setting top module to formal_wrapper.

5.1. Analyzing design hierarchy..
Top module:  \formal_wrapper

5.2. Analyzing design hierarchy..
Top module:  \formal_wrapper
Removing unused module `\fifo'.
Removed 1 unused modules.
Module formal_wrapper directly or indirectly contains formal properties -> setting "keep" attribute.

6. Executing jny backend.

7. Executing RTLIL backend.
Output filename: ../model/design.il

Warnings: 1 unique messages, 1 total
End of script. Logfile hash: 2f88b349c9, time: 0.05s, user: 0.01s, system: 0.02s, MEM: 17.56 MB peak
Yosys 0.63+184 (git sha1 240439bdb-dirty, aarch64-apple-darwin23.5-clang++ 18.1.8 -fPIC -O3)
Time spent: 16% 2x hierarchy (0 sec), 13% 5x opt_clean (0 sec), ...
