
 /----------------------------------------------------------------------------\
 |  yosys -- Yosys Open SYnthesis Suite                                       |
 |  Copyright (C) 2012 - 2026  Claire Xenia Wolf <claire@yosyshq.com>         |
 |  Distributed under an ISC-like license, type "license" to see terms        |
 \----------------------------------------------------------------------------/
 Yosys 0.63+184 (git sha1 240439bdb-dirty, aarch64-apple-darwin23.5-clang++ 18.1.8 -fPIC -O3)

-- Executing script file `../model/design.ys' --

1. Executing Verilog-2005 frontend: fifo1.sv
Parsing formal SystemVerilog input from `fifo1.sv' to AST representation.
Storing AST representation for module `$abstract\fifo'.
Successfully finished Verilog frontend.

2. Executing Verilog-2005 frontend: fifo_sva_monitor.sv
Parsing formal SystemVerilog input from `fifo_sva_monitor.sv' to AST representation.
Storing AST representation for module `$abstract\fifo_sva'.
Successfully finished Verilog frontend.

3. Executing Verilog-2005 frontend: formal_wrapper.sv
Parsing formal SystemVerilog input from `formal_wrapper.sv' to AST representation.
Storing AST representation for module `$abstract\formal_wrapper'.
Successfully finished Verilog frontend.

4. Executing PREP pass.

4.1. Executing HIERARCHY pass (managing design hierarchy).

4.2. Executing AST frontend in derive mode using pre-parsed AST for module `\formal_wrapper'.
Generating RTLIL representation for module `\formal_wrapper'.

4.2.1. Analyzing design hierarchy..
Top module:  \formal_wrapper

4.2.2. Executing AST frontend in derive mode using pre-parsed AST for module `\fifo_sva'.
Generating RTLIL representation for module `\fifo_sva'.

4.2.3. Executing AST frontend in derive mode using pre-parsed AST for module `\fifo'.
Generating RTLIL representation for module `\fifo'.

4.2.4. Analyzing design hierarchy..
Top module:  \formal_wrapper
Used module:     \fifo_sva
Used module:     \fifo

4.2.5. Analyzing design hierarchy..
Top module:  \formal_wrapper
Used module:     \fifo_sva
Used module:     \fifo
Removing unused module `$abstract\formal_wrapper'.
Removing unused module `$abstract\fifo_sva'.
Removing unused module `$abstract\fifo'.
Removed 3 unused modules.
Module fifo_sva directly or indirectly contains formal properties -> setting "keep" attribute.
Module formal_wrapper directly or indirectly contains formal properties -> setting "keep" attribute.
Warning: Resizing cell port formal_wrapper.u_monitor.wr_data_in from 8 bits to 1 bits.
Warning: Resizing cell port formal_wrapper.u_monitor.rd_data_out from 8 bits to 1 bits.

4.3. Executing PROC pass (convert processes to netlists).

4.3.1. Executing PROC_CLEAN pass (remove empty switches from decision trees).
Found and cleaned up 1 empty switch in `\fifo_sva.$proc$fifo_sva_monitor.sv:135$62'.
Found and cleaned up 1 empty switch in `\fifo_sva.$proc$fifo_sva_monitor.sv:116$54'.
Found and cleaned up 2 empty switches in `\fifo_sva.$proc$fifo_sva_monitor.sv:106$47'.
Removing empty process `fifo_sva.$proc$fifo_sva_monitor.sv:106$47'.
Found and cleaned up 1 empty switch in `\fifo_sva.$proc$fifo_sva_monitor.sv:94$42'.
Found and cleaned up 2 empty switches in `\fifo_sva.$proc$fifo_sva_monitor.sv:83$35'.
Removing empty process `fifo_sva.$proc$fifo_sva_monitor.sv:83$35'.
Found and cleaned up 2 empty switches in `\fifo_sva.$proc$fifo_sva_monitor.sv:74$29'.
Removing empty process `fifo_sva.$proc$fifo_sva_monitor.sv:74$29'.
Found and cleaned up 2 empty switches in `\fifo_sva.$proc$fifo_sva_monitor.sv:65$23'.
Removing empty process `fifo_sva.$proc$fifo_sva_monitor.sv:65$23'.
Cleaned up 11 empty switches.

4.3.2. Executing PROC_RMDEAD pass (remove dead branches from decision trees).
Marked 1 switch rules as full_case in process $proc$fifo1.sv:89$126 in module fifo.
Marked 2 switch rules as full_case in process $proc$fifo1.sv:76$118 in module fifo.
Marked 1 switch rules as full_case in process $proc$fifo1.sv:68$115 in module fifo.
Marked 1 switch rules as full_case in process $proc$fifo1.sv:60$111 in module fifo.
Marked 2 switch rules as full_case in process $proc$fifo1.sv:47$103 in module fifo.
Marked 1 switch rules as full_case in process $proc$fifo1.sv:41$87 in module fifo.
Marked 1 switch rules as full_case in process $proc$fifo1.sv:33$83 in module fifo.
Marked 1 switch rules as full_case in process $proc$fifo1.sv:25$78 in module fifo.
Marked 1 switch rules as full_case in process $proc$fifo_sva_monitor.sv:94$42 in module fifo_sva.
Marked 1 switch rules as full_case in process $proc$fifo_sva_monitor.sv:135$62 in module fifo_sva.
Marked 1 switch rules as full_case in process $proc$fifo_sva_monitor.sv:116$54 in module fifo_sva.
Marked 1 switch rules as full_case in process $proc$fifo_sva_monitor.sv:41$13 in module fifo_sva.
Marked 1 switch rules as full_case in process $proc$fifo_sva_monitor.sv:21$11 in module fifo_sva.
Removed a total of 0 dead cases.

4.3.3. Executing PROC_PRUNE pass (remove redundant assignments in processes).
Removed 14 redundant assignments.
Promoted 6 assignments to connections.

4.3.4. Executing PROC_INIT pass (extract init attributes).
Found init rule in `\formal_wrapper.$proc$formal_wrapper.sv:46$10'.
  Set init value: \_va_past_valid = 1'0

4.3.5. Executing PROC_ARST pass (detect async resets in processes).
Found async reset \reset_n in `\fifo.$proc$fifo1.sv:89$126'.
Found async reset \reset_n in `\fifo.$proc$fifo1.sv:76$118'.
Found async reset \reset_n in `\fifo.$proc$fifo1.sv:60$111'.
Found async reset \reset_n in `\fifo.$proc$fifo1.sv:47$103'.
Found async reset \reset_n in `\fifo.$proc$fifo1.sv:25$78'.

4.3.6. Executing PROC_ROM pass (convert switches to ROMs).
Converted 0 switches.
<suppressed ~20 debug messages>

4.3.7. Executing PROC_MUX pass (convert decision trees to multiplexers).
Creating decoders for process `\fifo.$proc$fifo1.sv:89$126'.
     1/1: $0\rd_data[7:0]
Creating decoders for process `\fifo.$proc$fifo1.sv:76$118'.
     1/1: $0\empty[0:0]
Creating decoders for process `\fifo.$proc$fifo1.sv:68$115'.
     1/1: $1\rd_pointer_next[4:0]
Creating decoders for process `\fifo.$proc$fifo1.sv:60$111'.
     1/1: $0\rd_pointer[4:0]
Creating decoders for process `\fifo.$proc$fifo1.sv:47$103'.
     1/1: $0\full[0:0]
Creating decoders for process `\fifo.$proc$fifo1.sv:41$87'.
     1/2: $1$lookahead\mem$86[255:0]$94
     2/2: $1$bitselwrite$pos$fifo1.sv:43$77[31:0]$93
Creating decoders for process `\fifo.$proc$fifo1.sv:33$83'.
     1/1: $1\wr_pointer_next[4:0]
Creating decoders for process `\fifo.$proc$fifo1.sv:25$78'.
     1/1: $0\wr_pointer[4:0]
Creating decoders for process `\fifo_sva.$proc$fifo_sva_monitor.sv:158$73'.
     1/1: \_auto_assume_fifo_empty_no_read_EN
Creating decoders for process `\fifo_sva.$proc$fifo_sva_monitor.sv:94$42'.
     1/1: $0\_va__auto_assert_fifo_write_not_empty_delay_1[0:0]
Creating decoders for process `\fifo_sva.$proc$fifo_sva_monitor.sv:149$69'.
     1/1: \_auto_assume_fifo_full_no_write_EN
Creating decoders for process `\fifo_sva.$proc$fifo_sva_monitor.sv:135$62'.
     1/2: $0\_va__auto_assert_fifo_data_after_empty_trig_5[0:0]
     2/2: $0\_va__auto_assert_fifo_data_after_empty_stage_4[0:0]
Creating decoders for process `\fifo_sva.$proc$fifo_sva_monitor.sv:116$54'.
     1/1: $0\_va__auto_assert_fifo_read_write_equal_delay_2[0:0]
Creating decoders for process `\fifo_sva.$proc$fifo_sva_monitor.sv:57$15'.
     1/1: \_auto_assert_fifo_not_full_empty_EN
Creating decoders for process `\fifo_sva.$proc$fifo_sva_monitor.sv:41$13'.
     1/4: $0\wr_data_in_past2[0:0]
     2/4: $0\wr_data_in_past1[0:0]
     3/4: $0\rd_en_past1[0:0]
     4/4: $0\wr_en_in_past1[0:0]
Creating decoders for process `\fifo_sva.$proc$fifo_sva_monitor.sv:21$11'.
     1/4: $0\rst_n_in_prev[0:0]
     2/4: $0\full_out_prev[0:0]
     3/4: $0\empty_out_prev[0:0]
     4/4: $0\empty_prev[0:0]
Creating decoders for process `\formal_wrapper.$proc$formal_wrapper.sv:46$10'.
Creating decoders for process `\formal_wrapper.$proc$formal_wrapper.sv:47$6'.
     1/1: $assume$formal_wrapper.sv:49$8_EN
Creating decoders for process `\formal_wrapper.$proc$formal_wrapper.sv:42$4'.
     1/1: $0\_va_past_valid[0:0]

4.3.8. Executing PROC_DLATCH pass (convert process syncs to latches).
No latch inferred for signal `\fifo.\rd_pointer_next' from process `\fifo.$proc$fifo1.sv:68$115'.
No latch inferred for signal `\fifo.\wr_pointer_next' from process `\fifo.$proc$fifo1.sv:33$83'.

4.3.9. Executing PROC_DFF pass (convert process syncs to FFs).
Creating register for signal `\fifo.\rd_data' using process `\fifo.$proc$fifo1.sv:89$126'.
  created $adff cell `$procdff$212' with positive edge clock and positive level reset.
Creating register for signal `\fifo.\empty' using process `\fifo.$proc$fifo1.sv:76$118'.
  created $adff cell `$procdff$217' with positive edge clock and positive level reset.
Creating register for signal `\fifo.\rd_pointer' using process `\fifo.$proc$fifo1.sv:60$111'.
  created $adff cell `$procdff$222' with positive edge clock and positive level reset.
Creating register for signal `\fifo.\full' using process `\fifo.$proc$fifo1.sv:47$103'.
  created $adff cell `$procdff$227' with positive edge clock and positive level reset.
Creating register for signal `\fifo.\mem' using process `\fifo.$proc$fifo1.sv:41$87'.
  created $dff cell `$procdff$228' with positive edge clock.
Creating register for signal `\fifo.\wr_pointer' using process `\fifo.$proc$fifo1.sv:25$78'.
  created $adff cell `$procdff$233' with positive edge clock and positive level reset.
Creating register for signal `\fifo_sva.\_va__auto_assert_fifo_write_not_empty_delay_1' using process `\fifo_sva.$proc$fifo_sva_monitor.sv:94$42'.
  created $dff cell `$procdff$234' with positive edge clock.
Creating register for signal `\fifo_sva.\_va__auto_assert_fifo_data_after_empty_stage_4' using process `\fifo_sva.$proc$fifo_sva_monitor.sv:135$62'.
  created $dff cell `$procdff$235' with positive edge clock.
Creating register for signal `\fifo_sva.\_va__auto_assert_fifo_data_after_empty_trig_5' using process `\fifo_sva.$proc$fifo_sva_monitor.sv:135$62'.
  created $dff cell `$procdff$236' with positive edge clock.
Creating register for signal `\fifo_sva.\_va__auto_assert_fifo_read_write_equal_delay_2' using process `\fifo_sva.$proc$fifo_sva_monitor.sv:116$54'.
  created $dff cell `$procdff$237' with positive edge clock.
Creating register for signal `\fifo_sva.\wr_en_in_past1' using process `\fifo_sva.$proc$fifo_sva_monitor.sv:41$13'.
  created $dff cell `$procdff$238' with positive edge clock.
Creating register for signal `\fifo_sva.\rd_en_past1' using process `\fifo_sva.$proc$fifo_sva_monitor.sv:41$13'.
  created $dff cell `$procdff$239' with positive edge clock.
Creating register for signal `\fifo_sva.\wr_data_in_past1' using process `\fifo_sva.$proc$fifo_sva_monitor.sv:41$13'.
  created $dff cell `$procdff$240' with positive edge clock.
Creating register for signal `\fifo_sva.\wr_data_in_past2' using process `\fifo_sva.$proc$fifo_sva_monitor.sv:41$13'.
  created $dff cell `$procdff$241' with positive edge clock.
Creating register for signal `\fifo_sva.\empty_prev' using process `\fifo_sva.$proc$fifo_sva_monitor.sv:21$11'.
  created $dff cell `$procdff$242' with positive edge clock.
Creating register for signal `\fifo_sva.\empty_out_prev' using process `\fifo_sva.$proc$fifo_sva_monitor.sv:21$11'.
  created $dff cell `$procdff$243' with positive edge clock.
Creating register for signal `\fifo_sva.\full_out_prev' using process `\fifo_sva.$proc$fifo_sva_monitor.sv:21$11'.
  created $dff cell `$procdff$244' with positive edge clock.
Creating register for signal `\fifo_sva.\rst_n_in_prev' using process `\fifo_sva.$proc$fifo_sva_monitor.sv:21$11'.
  created $dff cell `$procdff$245' with positive edge clock.
Creating register for signal `\formal_wrapper.\_va_past_valid' using process `\formal_wrapper.$proc$formal_wrapper.sv:42$4'.
  created $dff cell `$procdff$246' with positive edge clock.

4.3.10. Executing PROC_MEMWR pass (convert process memory writes to cells).

4.3.11. Executing PROC_CLEAN pass (remove empty switches from decision trees).
Found and cleaned up 1 empty switch in `\fifo.$proc$fifo1.sv:89$126'.
Removing empty process `fifo.$proc$fifo1.sv:89$126'.
Found and cleaned up 1 empty switch in `\fifo.$proc$fifo1.sv:76$118'.
Removing empty process `fifo.$proc$fifo1.sv:76$118'.
Found and cleaned up 1 empty switch in `\fifo.$proc$fifo1.sv:68$115'.
Removing empty process `fifo.$proc$fifo1.sv:68$115'.
Found and cleaned up 1 empty switch in `\fifo.$proc$fifo1.sv:60$111'.
Removing empty process `fifo.$proc$fifo1.sv:60$111'.
Found and cleaned up 1 empty switch in `\fifo.$proc$fifo1.sv:47$103'.
Removing empty process `fifo.$proc$fifo1.sv:47$103'.
Found and cleaned up 1 empty switch in `\fifo.$proc$fifo1.sv:41$87'.
Removing empty process `fifo.$proc$fifo1.sv:41$87'.
Found and cleaned up 1 empty switch in `\fifo.$proc$fifo1.sv:33$83'.
Removing empty process `fifo.$proc$fifo1.sv:33$83'.
Found and cleaned up 1 empty switch in `\fifo.$proc$fifo1.sv:25$78'.
Removing empty process `fifo.$proc$fifo1.sv:25$78'.
Found and cleaned up 2 empty switches in `\fifo_sva.$proc$fifo_sva_monitor.sv:158$73'.
Removing empty process `fifo_sva.$proc$fifo_sva_monitor.sv:158$73'.
Found and cleaned up 1 empty switch in `\fifo_sva.$proc$fifo_sva_monitor.sv:94$42'.
Removing empty process `fifo_sva.$proc$fifo_sva_monitor.sv:94$42'.
Found and cleaned up 2 empty switches in `\fifo_sva.$proc$fifo_sva_monitor.sv:149$69'.
Removing empty process `fifo_sva.$proc$fifo_sva_monitor.sv:149$69'.
Found and cleaned up 1 empty switch in `\fifo_sva.$proc$fifo_sva_monitor.sv:135$62'.
Removing empty process `fifo_sva.$proc$fifo_sva_monitor.sv:135$62'.
Found and cleaned up 1 empty switch in `\fifo_sva.$proc$fifo_sva_monitor.sv:116$54'.
Removing empty process `fifo_sva.$proc$fifo_sva_monitor.sv:116$54'.
Found and cleaned up 1 empty switch in `\fifo_sva.$proc$fifo_sva_monitor.sv:57$15'.
Removing empty process `fifo_sva.$proc$fifo_sva_monitor.sv:57$15'.
Found and cleaned up 1 empty switch in `\fifo_sva.$proc$fifo_sva_monitor.sv:41$13'.
Removing empty process `fifo_sva.$proc$fifo_sva_monitor.sv:41$13'.
Found and cleaned up 1 empty switch in `\fifo_sva.$proc$fifo_sva_monitor.sv:21$11'.
Removing empty process `fifo_sva.$proc$fifo_sva_monitor.sv:21$11'.
Removing empty process `formal_wrapper.$proc$formal_wrapper.sv:46$10'.
Found and cleaned up 1 empty switch in `\formal_wrapper.$proc$formal_wrapper.sv:47$6'.
Removing empty process `formal_wrapper.$proc$formal_wrapper.sv:47$6'.
Found and cleaned up 1 empty switch in `\formal_wrapper.$proc$formal_wrapper.sv:42$4'.
Removing empty process `formal_wrapper.$proc$formal_wrapper.sv:42$4'.
Cleaned up 20 empty switches.

4.3.12. Executing OPT_EXPR pass (perform const folding).
Optimizing module fifo.
<suppressed ~10 debug messages>
Optimizing module fifo_sva.
<suppressed ~24 debug messages>
Optimizing module formal_wrapper.
<suppressed ~2 debug messages>

4.4. Executing FUTURE pass.

4.5. Executing OPT_EXPR pass (perform const folding).
Optimizing module fifo.
Optimizing module fifo_sva.
Optimizing module formal_wrapper.

4.6. Executing OPT_CLEAN pass (remove unused cells and wires).
Finding unused cells or wires in module \fifo..
Finding unused cells or wires in module \fifo_sva..
Finding unused cells or wires in module \formal_wrapper..
Removed 74 unused cells and 154 unused wires.
<suppressed ~89 debug messages>

4.7. Executing CHECK pass (checking for obvious problems).
Checking module fifo...
Checking module fifo_sva...
Checking module formal_wrapper...
Found and reported 0 problems.

4.8. Executing OPT pass (performing simple optimizations).

4.8.1. Executing OPT_EXPR pass (perform const folding).
Optimizing module fifo.
Optimizing module fifo_sva.
Optimizing module formal_wrapper.

4.8.2. Executing OPT_MERGE pass (detect identical cells).
Finding identical cells in module `\fifo'.
Computing hashes of 54 cells of `\fifo'.
Finding duplicate cells in `\fifo'.
Computing hashes of 49 cells of `\fifo'.
Finding duplicate cells in `\fifo'.
Computing hashes of 45 cells of `\fifo'.
Finding duplicate cells in `\fifo'.
Computing hashes of 43 cells of `\fifo'.
Finding duplicate cells in `\fifo'.
Computing hashes of 41 cells of `\fifo'.
Finding duplicate cells in `\fifo'.
<suppressed ~39 debug messages>
Finding identical cells in module `\fifo_sva'.
Computing hashes of 15 cells of `\fifo_sva'.
Finding duplicate cells in `\fifo_sva'.
Finding identical cells in module `\formal_wrapper'.
Computing hashes of 10 cells of `\formal_wrapper'.
Finding duplicate cells in `\formal_wrapper'.
Removed a total of 13 cells.

4.8.3. Executing OPT_MUXTREE pass (detect dead branches in mux trees).
Running muxtree optimizer on module \fifo..
  Creating internal representation of mux trees.
  Evaluating internal representation of mux trees.
  Analyzing evaluation results.
Running muxtree optimizer on module \fifo_sva..
  Creating internal representation of mux trees.
  Evaluating internal representation of mux trees.
  Analyzing evaluation results.
Running muxtree optimizer on module \formal_wrapper..
  Creating internal representation of mux trees.
  Evaluating internal representation of mux trees.
      Replacing known input bits on port B of cell $procmux$206: \_va_past_valid -> 1'1
  Analyzing evaluation results.
Removed 0 multiplexer ports.
<suppressed ~28 debug messages>

4.8.4. Executing OPT_REDUCE pass (consolidate $*mux and $reduce_* inputs).
  Optimizing cells in module \fifo.
  Optimizing cells in module \fifo_sva.
  Optimizing cells in module \formal_wrapper.
  Optimizing cells in module \formal_wrapper.
Performed a total of 1 changes.

4.8.5. Executing OPT_MERGE pass (detect identical cells).
Finding identical cells in module `\fifo'.
Computing hashes of 41 cells of `\fifo'.
Finding duplicate cells in `\fifo'.
Finding identical cells in module `\fifo_sva'.
Computing hashes of 15 cells of `\fifo_sva'.
Finding duplicate cells in `\fifo_sva'.
Finding identical cells in module `\formal_wrapper'.
Computing hashes of 9 cells of `\formal_wrapper'.
Finding duplicate cells in `\formal_wrapper'.
Removed a total of 0 cells.

4.8.6. Executing OPT_CLEAN pass (remove unused cells and wires).
Finding unused cells or wires in module \fifo..
Finding unused cells or wires in module \fifo_sva..
Finding unused cells or wires in module \formal_wrapper..
Removed 0 unused cells and 14 unused wires.
<suppressed ~2 debug messages>

4.8.7. Executing OPT_EXPR pass (perform const folding).
Optimizing module fifo.
Optimizing module fifo_sva.
Optimizing module formal_wrapper.

4.8.8. Rerunning OPT passes. (Maybe there is more to do..)

4.8.9. Executing OPT_MUXTREE pass (detect dead branches in mux trees).
Running muxtree optimizer on module \fifo..
  Creating internal representation of mux trees.
  Evaluating internal representation of mux trees.
  Analyzing evaluation results.
Running muxtree optimizer on module \fifo_sva..
  Creating internal representation of mux trees.
  Evaluating internal representation of mux trees.
  Analyzing evaluation results.
Running muxtree optimizer on module \formal_wrapper..
  Creating internal representation of mux trees.
  Evaluating internal representation of mux trees.
  Analyzing evaluation results.
Removed 0 multiplexer ports.
<suppressed ~26 debug messages>

4.8.10. Executing OPT_REDUCE pass (consolidate $*mux and $reduce_* inputs).
  Optimizing cells in module \fifo.
  Optimizing cells in module \fifo_sva.
  Optimizing cells in module \formal_wrapper.
Performed a total of 0 changes.

4.8.11. Executing OPT_MERGE pass (detect identical cells).
Finding identical cells in module `\fifo'.
Computing hashes of 41 cells of `\fifo'.
Finding duplicate cells in `\fifo'.
Finding identical cells in module `\fifo_sva'.
Computing hashes of 15 cells of `\fifo_sva'.
Finding duplicate cells in `\fifo_sva'.
Finding identical cells in module `\formal_wrapper'.
Computing hashes of 9 cells of `\formal_wrapper'.
Finding duplicate cells in `\formal_wrapper'.
Removed a total of 0 cells.

4.8.12. Executing OPT_CLEAN pass (remove unused cells and wires).
Finding unused cells or wires in module \fifo..
Finding unused cells or wires in module \fifo_sva..
Finding unused cells or wires in module \formal_wrapper..

4.8.13. Executing OPT_EXPR pass (perform const folding).
Optimizing module fifo.
Optimizing module fifo_sva.
Optimizing module formal_wrapper.

4.8.14. Finished fast OPT passes. (There is nothing left to do.)

4.9. Executing WREDUCE pass (reducing word size of cells).
Removed top 4 bits (of 5) from port B of cell fifo.$add$fifo1.sv:35$85 ($add).
Removed top 28 bits (of 32) from port B of cell fifo.$mul$fifo1.sv:43$95 ($mul).
Removed top 23 bits (of 32) from port Y of cell fifo.$mul$fifo1.sv:43$95 ($mul).
Removed top 23 bits (of 33) from port A of cell fifo.$neg$fifo1.sv:43$100 ($neg).
Converting cell fifo.$neg$fifo1.sv:43$100 ($neg) from signed to unsigned.
Removed top 1 bits (of 10) from port A of cell fifo.$neg$fifo1.sv:43$100 ($neg).
Removed top 4 bits (of 5) from port B of cell fifo.$add$fifo1.sv:70$117 ($add).
Removed top 28 bits (of 32) from port B of cell fifo.$mul$fifo1.sv:93$130 ($mul).
Removed top 23 bits (of 32) from port Y of cell fifo.$mul$fifo1.sv:93$130 ($mul).
Removed top 22 bits (of 32) from port B of cell fifo.$shiftx$fifo1.sv:93$131 ($shiftx).
Removed top 1 bits (of 2) from port B of cell fifo.$procmux$137_CMP0 ($eq).
Removed top 23 bits (of 32) from wire fifo.$mul$fifo1.sv:93$130_Y.
Removed top 23 bits (of 32) from wire fifo.$mul$fifo1.sv:43$95_Y.
Removed top 30 bits (of 32) from port A of cell fifo_sva.$sub$fifo_sva_monitor.sv:59$19 ($sub).
Removed top 31 bits (of 32) from port B of cell fifo_sva.$sub$fifo_sva_monitor.sv:59$19 ($sub).
Removed top 29 bits (of 32) from port Y of cell fifo_sva.$sub$fifo_sva_monitor.sv:59$19 ($sub).
Removed top 30 bits (of 32) from port A of cell fifo_sva.$and$fifo_sva_monitor.sv:59$20 ($and).

4.10. Executing OPT_CLEAN pass (remove unused cells and wires).
Finding unused cells or wires in module \fifo..
Finding unused cells or wires in module \fifo_sva..
Finding unused cells or wires in module \formal_wrapper..
Removed 0 unused cells and 2 unused wires.
<suppressed ~1 debug messages>

4.11. Executing MEMORY_COLLECT pass (generating $mem cells).

4.12. Executing OPT pass (performing simple optimizations).

4.12.1. Executing OPT_EXPR pass (perform const folding).
Optimizing module fifo.
Optimizing module fifo_sva.
Optimizing module formal_wrapper.

4.12.2. Executing OPT_MERGE pass (detect identical cells).
Finding identical cells in module `\fifo'.
Computing hashes of 41 cells of `\fifo'.
Finding duplicate cells in `\fifo'.
Finding identical cells in module `\fifo_sva'.
Computing hashes of 15 cells of `\fifo_sva'.
Finding duplicate cells in `\fifo_sva'.
Finding identical cells in module `\formal_wrapper'.
Computing hashes of 9 cells of `\formal_wrapper'.
Finding duplicate cells in `\formal_wrapper'.
Removed a total of 0 cells.

4.12.3. Executing OPT_CLEAN pass (remove unused cells and wires).
Finding unused cells or wires in module \fifo..
Finding unused cells or wires in module \fifo_sva..
Finding unused cells or wires in module \formal_wrapper..

4.12.4. Finished fast OPT passes.

4.13. Executing SORT pass.

4.14. Printing statistics.

=== fifo ===

        +----------Local Count, excluding submodules.
        | 
       46 wires
     1985 wire bits
       13 public wires
      298 public wire bits
        8 ports
       22 port bits
       41 cells
        2   $add
        5   $adff
        3   $and
        1   $dff
        4   $eq
        2   $logic_and
        2   $logic_not
        1   $logic_or
        2   $lt
        2   $mul
        6   $mux
        1   $neg
        3   $not
        2   $or
        2   $pmux
        2   $shift
        1   $shiftx

=== fifo_sva ===

        +----------Local Count, excluding submodules.
        | 
       22 wires
       84 wire bits
       13 public wires
       13 public wire bits
       10 ports
       10 port bits
       15 cells
        1   $and
        3   $check
        4   $logic_not
        1   $logic_or
        5   $mux
        1   $sub

=== formal_wrapper ===

        +----------Local Count, excluding submodules.
        | 
       12 wires
       26 wire bits
       10 public wires
       24 public wire bits
        2 ports
        2 port bits
        7 cells
        3   $anyseq
        1   $check
        1   $dff
        1   $logic_not
        1   $mux
        2 submodules
        1   fifo
        1   fifo_sva

=== design hierarchy ===

        +----------Count including submodules.
        | 
       63 formal_wrapper
       41 fifo
       15 fifo_sva

        +----------Count including submodules.
        | 
       80 wires
     2095 wire bits
       36 public wires
      335 public wire bits
       20 ports
       34 port bits
        - memories
        - memory bits
        - processes
       63 cells
        2   $add
        5   $adff
        4   $and
        3   $anyseq
        4   $check
        2   $dff
        4   $eq
        2   $logic_and
        7   $logic_not
        2   $logic_or
        2   $lt
        2   $mul
       12   $mux
        1   $neg
        3   $not
        2   $or
        2   $pmux
        2   $shift
        1   $shiftx
        1   $sub
        2 submodules
        1   fifo
        1   fifo_sva

4.15. Executing CHECK pass (checking for obvious problems).
Checking module fifo...
Checking module fifo_sva...
Checking module formal_wrapper...
Found and reported 0 problems.

5. Executing HIERARCHY pass (managing design hierarchy).
Attribute `top' found on module `formal_wrapper'. Setting top module to formal_wrapper.

5.1. Analyzing design hierarchy..
Top module:  \formal_wrapper
Used module:     \fifo
Used module:     \fifo_sva

5.2. Analyzing design hierarchy..
Top module:  \formal_wrapper
Used module:     \fifo
Used module:     \fifo_sva
Removed 0 unused modules.
Module fifo_sva directly or indirectly contains formal properties -> setting "keep" attribute.
Module formal_wrapper directly or indirectly contains formal properties -> setting "keep" attribute.

6. Executing jny backend.

7. Executing RTLIL backend.
Output filename: ../model/design.il

Warnings: 2 unique messages, 2 total
End of script. Logfile hash: 98b0d4f230, time: 0.06s, user: 0.03s, system: 0.02s, MEM: 21.48 MB peak
Yosys 0.63+184 (git sha1 240439bdb-dirty, aarch64-apple-darwin23.5-clang++ 18.1.8 -fPIC -O3)
Time spent: 24% 2x check (0 sec), 18% 5x opt_clean (0 sec), ...
