
 /----------------------------------------------------------------------------\
 |  yosys -- Yosys Open SYnthesis Suite                                       |
 |  Copyright (C) 2012 - 2026  Claire Xenia Wolf <claire@yosyshq.com>         |
 |  Distributed under an ISC-like license, type "license" to see terms        |
 \----------------------------------------------------------------------------/
 Yosys 0.63+184 (git sha1 240439bdb-dirty, aarch64-apple-darwin23.5-clang++ 18.1.8 -fPIC -O3)

-- Executing script file `design_smt2.ys' --

1. Executing RTLIL frontend.
Input filename: design_prep.il

2. Executing HIERARCHY pass (managing design hierarchy).
Attribute `top' found on module `chk'. Setting top module to chk.

2.1. Analyzing design hierarchy..
Top module:  \chk

2.2. Analyzing design hierarchy..
Top module:  \chk
Removed 0 unused modules.
Module chk directly or indirectly contains formal properties -> setting "keep" attribute.

3. Executing FORMALFF pass.

4. Executing DFFUNMAP pass (unmap clock enable and synchronous reset from FFs).

5. Printing statistics.

=== chk ===

        +----------Local Count, excluding submodules.
        | 
       13 wires
       13 wire bits
        6 public wires
        6 public wire bits
        4 ports
        4 port bits
       11 cells
        1   $anyinit
        1   $assert
        1   $assume
        2   $ff
        1   $logic_and
        1   $logic_not
        3   $mux
        1   $not

6. Executing SMT2 backend.

6.1. Executing BMUXMAP pass.

6.2. Executing DEMUXMAP pass.
Creating SMT-LIBv2 representation of module chk.

End of script. Logfile hash: 251fdd2220, time: 0.00s, user: 0.01s, system: 0.01s, MEM: 13.80 MB peak
Yosys 0.63+184 (git sha1 240439bdb-dirty, aarch64-apple-darwin23.5-clang++ 18.1.8 -fPIC -O3)
Time spent: 74% 2x write_smt2 (0 sec), 10% 2x read_rtlil (0 sec), ...
