
 /----------------------------------------------------------------------------\
 |  yosys -- Yosys Open SYnthesis Suite                                       |
 |  Copyright (C) 2012 - 2026  Claire Xenia Wolf <claire@yosyshq.com>         |
 |  Distributed under an ISC-like license, type "license" to see terms        |
 \----------------------------------------------------------------------------/
 Yosys 0.63+184 (git sha1 240439bdb-dirty, aarch64-apple-darwin23.5-clang++ 18.1.8 -fPIC -O3)

-- Executing script file `../model/design.ys' --

1. Executing Verilog-2005 frontend: formal_d93b413f_monitor.sv
Parsing formal SystemVerilog input from `formal_d93b413f_monitor.sv' to AST representation.
Storing AST representation for module `$abstract\chk'.
Successfully finished Verilog frontend.

2. Executing PREP pass.

2.1. Executing HIERARCHY pass (managing design hierarchy).

2.2. Executing AST frontend in derive mode using pre-parsed AST for module `\chk'.
Generating RTLIL representation for module `\chk'.

2.2.1. Analyzing design hierarchy..
Top module:  \chk

2.2.2. Analyzing design hierarchy..
Top module:  \chk
Removing unused module `$abstract\chk'.
Removed 1 unused modules.
Module chk directly or indirectly contains formal properties -> setting "keep" attribute.

2.3. Executing PROC pass (convert processes to netlists).

2.3.1. Executing PROC_CLEAN pass (remove empty switches from decision trees).
Cleaned up 0 empty switches.

2.3.2. Executing PROC_RMDEAD pass (remove dead branches from decision trees).
Marked 1 switch rules as full_case in process $proc$formal_d93b413f_monitor.sv:12$1 in module chk.
Removed a total of 0 dead cases.

2.3.3. Executing PROC_PRUNE pass (remove redundant assignments in processes).
Removed 1 redundant assignment.
Promoted 0 assignments to connections.

2.3.4. Executing PROC_INIT pass (extract init attributes).

2.3.5. Executing PROC_ARST pass (detect async resets in processes).

2.3.6. Executing PROC_ROM pass (convert switches to ROMs).
Converted 0 switches.
<suppressed ~2 debug messages>

2.3.7. Executing PROC_MUX pass (convert decision trees to multiplexers).
Creating decoders for process `\chk.$proc$formal_d93b413f_monitor.sv:12$1'.
     1/2: $0\_va_assert_p1_triggered_1[0:0]
     2/2: \assert_p1_EN

2.3.8. Executing PROC_DLATCH pass (convert process syncs to latches).

2.3.9. Executing PROC_DFF pass (convert process syncs to FFs).
Creating register for signal `\chk.\_va_assert_p1_triggered_1' using process `\chk.$proc$formal_d93b413f_monitor.sv:12$1'.
  created $dff cell `$procdff$15' with positive edge clock.

2.3.10. Executing PROC_MEMWR pass (convert process memory writes to cells).

2.3.11. Executing PROC_CLEAN pass (remove empty switches from decision trees).
Found and cleaned up 2 empty switches in `\chk.$proc$formal_d93b413f_monitor.sv:12$1'.
Removing empty process `chk.$proc$formal_d93b413f_monitor.sv:12$1'.
Cleaned up 2 empty switches.

2.3.12. Executing OPT_EXPR pass (perform const folding).
Optimizing module chk.
<suppressed ~3 debug messages>

2.4. Executing FUTURE pass.

2.5. Executing OPT_EXPR pass (perform const folding).
Optimizing module chk.

2.6. Executing OPT_CLEAN pass (remove unused cells and wires).
Finding unused cells or wires in module \chk..
Removed 1 unused cells and 7 unused wires.
<suppressed ~2 debug messages>

2.7. Executing CHECK pass (checking for obvious problems).
Checking module chk...
Found and reported 0 problems.

2.8. Executing OPT pass (performing simple optimizations).

2.8.1. Executing OPT_EXPR pass (perform const folding).
Optimizing module chk.

2.8.2. Executing OPT_MERGE pass (detect identical cells).
Finding identical cells in module `\chk'.
Computing hashes of 7 cells of `\chk'.
Finding duplicate cells in `\chk'.
Removed a total of 0 cells.

2.8.3. Executing OPT_MUXTREE pass (detect dead branches in mux trees).
Running muxtree optimizer on module \chk..
  Creating internal representation of mux trees.
  Evaluating internal representation of mux trees.
  Analyzing evaluation results.
Removed 0 multiplexer ports.
<suppressed ~5 debug messages>

2.8.4. Executing OPT_REDUCE pass (consolidate $*mux and $reduce_* inputs).
  Optimizing cells in module \chk.
Performed a total of 0 changes.

2.8.5. Executing OPT_MERGE pass (detect identical cells).
Finding identical cells in module `\chk'.
Computing hashes of 7 cells of `\chk'.
Finding duplicate cells in `\chk'.
Removed a total of 0 cells.

2.8.6. Executing OPT_CLEAN pass (remove unused cells and wires).
Finding unused cells or wires in module \chk..

2.8.7. Executing OPT_EXPR pass (perform const folding).
Optimizing module chk.

2.8.8. Finished fast OPT passes. (There is nothing left to do.)

2.9. Executing WREDUCE pass (reducing word size of cells).

2.10. Executing OPT_CLEAN pass (remove unused cells and wires).
Finding unused cells or wires in module \chk..

2.11. Executing MEMORY_COLLECT pass (generating $mem cells).

2.12. Executing OPT pass (performing simple optimizations).

2.12.1. Executing OPT_EXPR pass (perform const folding).
Optimizing module chk.

2.12.2. Executing OPT_MERGE pass (detect identical cells).
Finding identical cells in module `\chk'.
Computing hashes of 7 cells of `\chk'.
Finding duplicate cells in `\chk'.
Removed a total of 0 cells.

2.12.3. Executing OPT_CLEAN pass (remove unused cells and wires).
Finding unused cells or wires in module \chk..

2.12.4. Finished fast OPT passes.

2.13. Executing SORT pass.

2.14. Printing statistics.

=== chk ===

        +----------Local Count, excluding submodules.
        | 
       10 wires
       10 wire bits
        6 public wires
        6 public wire bits
        4 ports
        4 port bits
        7 cells
        1   $check
        1   $dff
        1   $logic_and
        1   $logic_not
        3   $mux

2.15. Executing CHECK pass (checking for obvious problems).
Checking module chk...
Found and reported 0 problems.

3. Executing HIERARCHY pass (managing design hierarchy).
Attribute `top' found on module `chk'. Setting top module to chk.

3.1. Analyzing design hierarchy..
Top module:  \chk

3.2. Analyzing design hierarchy..
Top module:  \chk
Removed 0 unused modules.
Module chk directly or indirectly contains formal properties -> setting "keep" attribute.

4. Executing jny backend.

5. Executing RTLIL backend.
Output filename: ../model/design.il

End of script. Logfile hash: 211d00c645, time: 0.03s, user: 0.01s, system: 0.02s, MEM: 15.77 MB peak
Yosys 0.63+184 (git sha1 240439bdb-dirty, aarch64-apple-darwin23.5-clang++ 18.1.8 -fPIC -O3)
Time spent: 17% 2x read_verilog (0 sec), 17% 2x hierarchy (0 sec), ...
