
 /----------------------------------------------------------------------------\
 |  yosys -- Yosys Open SYnthesis Suite                                       |
 |  Copyright (C) 2012 - 2026  Claire Xenia Wolf <claire@yosyshq.com>         |
 |  Distributed under an ISC-like license, type "license" to see terms        |
 \----------------------------------------------------------------------------/
 Yosys 0.63+184 (git sha1 240439bdb-dirty, aarch64-apple-darwin23.5-clang++ 18.1.8 -fPIC -O3)

-- Executing script file `design_smt2.ys' --

1. Executing RTLIL frontend.
Input filename: design_prep.il

2. Executing HIERARCHY pass (managing design hierarchy).
Attribute `top' found on module `fifo_checker'. Setting top module to fifo_checker.

2.1. Analyzing design hierarchy..
Top module:  \fifo_checker

2.2. Analyzing design hierarchy..
Top module:  \fifo_checker
Removed 0 unused modules.
Module fifo_checker directly or indirectly contains formal properties -> setting "keep" attribute.

3. Executing FORMALFF pass.

4. Executing DFFUNMAP pass (unmap clock enable and synchronous reset from FFs).

5. Printing statistics.

=== fifo_checker ===

        +----------Local Count, excluding submodules.
        | 
       96 wires
      157 wire bits
       30 public wires
       53 public wire bits
        9 ports
       26 port bits
       98 cells
        1   $add
        9   $anyinit
       10   $assert
        3   $assume
        4   $eq
       12   $ff
        1   $ge
        1   $le
       15   $logic_and
       13   $logic_not
       27   $mux
        1   $not
        1   $sub

6. Executing SMT2 backend.

6.1. Executing BMUXMAP pass.

6.2. Executing DEMUXMAP pass.
Creating SMT-LIBv2 representation of module fifo_checker.

End of script. Logfile hash: 54f0d1549d, time: 0.01s, user: 0.01s, system: 0.01s, MEM: 14.28 MB peak
Yosys 0.63+184 (git sha1 240439bdb-dirty, aarch64-apple-darwin23.5-clang++ 18.1.8 -fPIC -O3)
Time spent: 66% 2x write_smt2 (0 sec), 20% 2x read_rtlil (0 sec), ...
