
 /----------------------------------------------------------------------------\
 |  yosys -- Yosys Open SYnthesis Suite                                       |
 |  Copyright (C) 2012 - 2026  Claire Xenia Wolf <claire@yosyshq.com>         |
 |  Distributed under an ISC-like license, type "license" to see terms        |
 \----------------------------------------------------------------------------/
 Yosys 0.63+184 (git sha1 240439bdb-dirty, aarch64-apple-darwin23.5-clang++ 18.1.8 -fPIC -O3)

-- Executing script file `design_smt2.ys' --

1. Executing RTLIL frontend.
Input filename: design_prep.il

2. Executing HIERARCHY pass (managing design hierarchy).
Attribute `top' found on module `mini_checker'. Setting top module to mini_checker.

2.1. Analyzing design hierarchy..
Top module:  \mini_checker

2.2. Analyzing design hierarchy..
Top module:  \mini_checker
Removed 0 unused modules.
Module mini_checker directly or indirectly contains formal properties -> setting "keep" attribute.

3. Executing FORMALFF pass.

4. Executing DFFUNMAP pass (unmap clock enable and synchronous reset from FFs).

5. Printing statistics.

=== mini_checker ===

        +----------Local Count, excluding submodules.
        | 
       11 wires
       11 wire bits
        5 public wires
        5 public wire bits
        4 ports
        4 port bits
        9 cells
        1   $assert
        1   $assume
        2   $ff
        1   $logic_and
        1   $logic_not
        2   $mux
        1   $not

6. Executing SMT2 backend.

6.1. Executing BMUXMAP pass.

6.2. Executing DEMUXMAP pass.
Creating SMT-LIBv2 representation of module mini_checker.

End of script. Logfile hash: 89657adea7, time: 0.00s, user: 0.01s, system: 0.01s, MEM: 13.77 MB peak
Yosys 0.63+184 (git sha1 240439bdb-dirty, aarch64-apple-darwin23.5-clang++ 18.1.8 -fPIC -O3)
Time spent: 55% 2x write_smt2 (0 sec), 20% 2x read_rtlil (0 sec), ...
