
 /----------------------------------------------------------------------------\
 |  yosys -- Yosys Open SYnthesis Suite                                       |
 |  Copyright (C) 2012 - 2026  Claire Xenia Wolf <claire@yosyshq.com>         |
 |  Distributed under an ISC-like license, type "license" to see terms        |
 \----------------------------------------------------------------------------/
 Yosys 0.63+184 (git sha1 240439bdb-dirty, aarch64-apple-darwin23.5-clang++ 18.1.8 -fPIC -O3)

-- Executing script file `design_smt2.ys' --

1. Executing RTLIL frontend.
Input filename: design_prep.il

2. Executing HIERARCHY pass (managing design hierarchy).
Attribute `top' found on module `formal_wrapper'. Setting top module to formal_wrapper.

2.1. Analyzing design hierarchy..
Top module:  \formal_wrapper
Used module:     \fifo
Used module:     \fifo_sva

2.2. Analyzing design hierarchy..
Top module:  \formal_wrapper
Used module:     \fifo
Used module:     \fifo_sva
Removed 0 unused modules.
Module fifo_sva directly or indirectly contains formal properties -> setting "keep" attribute.
Module formal_wrapper directly or indirectly contains formal properties -> setting "keep" attribute.

3. Executing FORMALFF pass.

4. Executing DFFUNMAP pass (unmap clock enable and synchronous reset from FFs).

5. Printing statistics.

=== fifo ===

        +----------Local Count, excluding submodules.
        | 
       74 wires
      349 wire bits
       21 public wires
      110 public wire bits
        8 ports
       22 port bits
       70 cells
        2   $add
       10   $anyinit
        1   $anyseq
        1   $assume
       16   $eq
        3   $logic_and
        4   $logic_not
       30   $mux
        1   $ne
        1   $not
        1   $pmux

=== fifo_sva ===

        +----------Local Count, excluding submodules.
        | 
       19 wires
       19 wire bits
        9 public wires
        9 public wire bits
        6 ports
        6 port bits
       15 cells
        2   $anyinit
        1   $assert
        1   $assume
        2   $ff
        2   $logic_and
        2   $logic_not
        4   $mux
        1   $not

=== formal_wrapper ===

        +----------Local Count, excluding submodules.
        | 
       13 wires
       27 wire bits
       10 public wires
       24 public wire bits
        2 ports
        2 port bits
        9 cells
        3   $anyseq
        2   $assume
        1   $ff
        1   $logic_not
        1   $mux
        1   $not
        2 submodules
        1   fifo
        1   fifo_sva

=== design hierarchy ===

        +----------Count including submodules.
        | 
       94 formal_wrapper
       70 fifo
       15 fifo_sva

        +----------Count including submodules.
        | 
      106 wires
      395 wire bits
       40 public wires
      143 public wire bits
       16 ports
       30 port bits
        - memories
        - memory bits
        - processes
       94 cells
        2   $add
       12   $anyinit
        4   $anyseq
        1   $assert
        4   $assume
       16   $eq
        3   $ff
        5   $logic_and
        7   $logic_not
       35   $mux
        1   $ne
        3   $not
        1   $pmux
        2 submodules
        1   fifo
        1   fifo_sva

6. Executing SMT2 backend.

6.1. Executing BMUXMAP pass.

6.2. Executing DEMUXMAP pass.
Creating SMT-LIBv2 representation of module fifo_sva.
Creating SMT-LIBv2 representation of module fifo.
Creating SMT-LIBv2 representation of module formal_wrapper.

End of script. Logfile hash: ab6a7f2809, time: 0.00s, user: 0.01s, system: 0.00s, MEM: 14.30 MB peak
Yosys 0.63+184 (git sha1 240439bdb-dirty, aarch64-apple-darwin23.5-clang++ 18.1.8 -fPIC -O3)
Time spent: 56% 2x write_smt2 (0 sec), 20% 2x read_rtlil (0 sec), ...
