
 /----------------------------------------------------------------------------\
 |  yosys -- Yosys Open SYnthesis Suite                                       |
 |  Copyright (C) 2012 - 2026  Claire Xenia Wolf <claire@yosyshq.com>         |
 |  Distributed under an ISC-like license, type "license" to see terms        |
 \----------------------------------------------------------------------------/
 Yosys 0.63+184 (git sha1 240439bdb-dirty, aarch64-apple-darwin23.5-clang++ 18.1.8 -fPIC -O3)

-- Executing script file `design_prep.ys' --

1. Executing RTLIL frontend.
Input filename: design.il

2. Executing SCC pass (detecting logic loops).
Found 0 SCCs in module fifo.
Found 0 SCCs in module fifo_sva.
Found 0 SCCs in module formal_wrapper.
Found 0 SCCs.

3. Executing SIMPLEMAP pass (map simple cells to gate primitives).

4. Executing MEMORY_NORDFF pass (extracting $dff cells from memories).

5. Executing ASYNC2SYNC pass.
Replacing fifo.$procdff$404 ($adff): ARST=\reset_n, D=$0\rd_data[7:0], Q=\rd_data
Replacing fifo.$procdff$409 ($adff): ARST=\reset_n, D=$0\empty[0:0], Q=\empty
Replacing fifo.$procdff$414 ($adff): ARST=\reset_n, D=$0\rd_pointer[4:0], Q=\rd_pointer
Replacing fifo.$procdff$419 ($adff): ARST=\reset_n, D=$0\full[0:0], Q=\full
Replacing fifo.$procdff$425 ($adff): ARST=\reset_n, D=$0\wr_pointer[4:0], Q=\wr_pointer

6. Executing OPT_CLEAN pass (remove unused cells and wires).
Finding unused cells or wires in module \fifo..
Finding unused cells or wires in module \fifo_sva..
Finding unused cells or wires in module \formal_wrapper..
Removed 23 unused cells and 23 unused wires.
<suppressed ~25 debug messages>

7. Executing FORMALFF pass.

8. Executing OPT_CLEAN pass (remove unused cells and wires).
Finding unused cells or wires in module \fifo..
Finding unused cells or wires in module \fifo_sva..
Finding unused cells or wires in module \formal_wrapper..
Removed 29 unused cells and 29 unused wires.
<suppressed ~38 debug messages>

9. Executing CHECK pass (checking for obvious problems).
Checking module fifo...
Checking module fifo_sva...
Checking module formal_wrapper...
Found and reported 0 problems.

10. Executing SETUNDEF pass (replace undef values with defined constants).

11. Executing OPT pass (performing simple optimizations).

11.1. Executing OPT_EXPR pass (perform const folding).
Optimizing module fifo.
<suppressed ~6 debug messages>
Optimizing module fifo_sva.
Optimizing module formal_wrapper.

11.2. Executing OPT_MERGE pass (detect identical cells).
Finding identical cells in module `\fifo'.
Computing hashes of 51 cells of `\fifo'.
Finding duplicate cells in `\fifo'.
Finding identical cells in module `\fifo_sva'.
Computing hashes of 26 cells of `\fifo_sva'.
Finding duplicate cells in `\fifo_sva'.
Finding identical cells in module `\formal_wrapper'.
Computing hashes of 10 cells of `\formal_wrapper'.
Finding duplicate cells in `\formal_wrapper'.
Removed a total of 0 cells.

11.3. Executing OPT_DFF pass (perform DFF optimizations).

11.4. Executing OPT_CLEAN pass (remove unused cells and wires).
Finding unused cells or wires in module \fifo..
Finding unused cells or wires in module \fifo_sva..
Finding unused cells or wires in module \formal_wrapper..
Removed 0 unused cells and 4 unused wires.
<suppressed ~3 debug messages>

11.5. Finished fast OPT passes.

12. Executing OPT_CLEAN pass (remove unused cells and wires).
Finding unused cells or wires in module \fifo..
Finding unused cells or wires in module \fifo_sva..
Finding unused cells or wires in module \formal_wrapper..
Removed 0 unused cells and 5 unused wires.
<suppressed ~1 debug messages>

13. Executing RTLIL backend.
Output filename: ../model/design_prep.il

End of script. Logfile hash: 992fd7d749, time: 0.02s, user: 0.02s, system: 0.01s, MEM: 18.73 MB peak
Yosys 0.63+184 (git sha1 240439bdb-dirty, aarch64-apple-darwin23.5-clang++ 18.1.8 -fPIC -O3)
Time spent: 32% 4x opt_clean (0 sec), 26% 1x check (0 sec), ...
