
 /----------------------------------------------------------------------------\
 |  yosys -- Yosys Open SYnthesis Suite                                       |
 |  Copyright (C) 2012 - 2026  Claire Xenia Wolf <claire@yosyshq.com>         |
 |  Distributed under an ISC-like license, type "license" to see terms        |
 \----------------------------------------------------------------------------/
 Yosys 0.63+184 (git sha1 240439bdb-dirty, aarch64-apple-darwin23.5-clang++ 18.1.8 -fPIC -O3)

-- Executing script file `design_smt2.ys' --

1. Executing RTLIL frontend.
Input filename: design_prep.il

2. Executing HIERARCHY pass (managing design hierarchy).
Attribute `top' found on module `formal_wrapper'. Setting top module to formal_wrapper.

2.1. Analyzing design hierarchy..
Top module:  \formal_wrapper
Used module:     \axi_slave
Used module:     \axi_formal_checker

2.2. Analyzing design hierarchy..
Top module:  \formal_wrapper
Used module:     \axi_slave
Used module:     \axi_formal_checker
Removed 0 unused modules.
Module axi_formal_checker directly or indirectly contains formal properties -> setting "keep" attribute.
Module formal_wrapper directly or indirectly contains formal properties -> setting "keep" attribute.

3. Executing FORMALFF pass.

4. Executing DFFUNMAP pass (unmap clock enable and synchronous reset from FFs).

5. Printing statistics.

=== axi_formal_checker ===

        +----------Local Count, excluding submodules.
        | 
       11 wires
       11 wire bits
        5 public wires
        5 public wire bits
        4 ports
        4 port bits
        9 cells
        1   $assert
        1   $assume
        2   $ff
        1   $logic_and
        1   $logic_not
        2   $mux
        1   $not

=== axi_slave ===

        +----------Local Count, excluding submodules.
        | 
       15 wires
       27 wire bits
        5 public wires
        8 public wire bits
        4 ports
        4 port bits
       13 cells
        1   $add
        2   $anyinit
        1   $assume
        1   $ge
        1   $logic_and
        1   $logic_not
        5   $mux
        1   $not

=== formal_wrapper ===

        +----------Local Count, excluding submodules.
        | 
        8 wires
        8 wire bits
        5 public wires
        5 public wire bits
        2 ports
        2 port bits
        7 cells
        1   $anyseq
        2   $assume
        1   $ff
        1   $logic_not
        1   $mux
        1   $not
        2 submodules
        1   axi_formal_checker
        1   axi_slave

=== design hierarchy ===

        +----------Count including submodules.
        | 
       29 formal_wrapper
        9 axi_formal_checker
       13 axi_slave

        +----------Count including submodules.
        | 
       34 wires
       46 wire bits
       15 public wires
       18 public wire bits
       10 ports
       10 port bits
        - memories
        - memory bits
        - processes
       29 cells
        1   $add
        2   $anyinit
        1   $anyseq
        1   $assert
        4   $assume
        3   $ff
        1   $ge
        2   $logic_and
        3   $logic_not
        8   $mux
        3   $not
        2 submodules
        1   axi_formal_checker
        1   axi_slave

6. Executing SMT2 backend.

6.1. Executing BMUXMAP pass.

6.2. Executing DEMUXMAP pass.
Creating SMT-LIBv2 representation of module axi_slave.
Creating SMT-LIBv2 representation of module axi_formal_checker.
Creating SMT-LIBv2 representation of module formal_wrapper.

End of script. Logfile hash: e76818652a, time: 0.00s, user: 0.01s, system: 0.00s, MEM: 14.00 MB peak
Yosys 0.63+184 (git sha1 240439bdb-dirty, aarch64-apple-darwin23.5-clang++ 18.1.8 -fPIC -O3)
Time spent: 69% 2x write_smt2 (0 sec), 11% 2x read_rtlil (0 sec), ...
